INFO: [VRFC 10-2263] Analyzing Verilog file "C:/Codes/Verilog/fft_block/fft_block.gen/sources_1/ip/FFT/FFT_sim_netlist.v" into library xil_defaultlib
INFO: [VRFC 10-311] analyzing module FFT
INFO: [VRFC 10-311] analyzing module FFT_adder
INFO: [VRFC 10-311] analyzing module FFT_adder__parameterized0
INFO: [VRFC 10-311] analyzing module FFT_adder__parameterized0_173
INFO: [VRFC 10-311] analyzing module FFT_adder__parameterized1
INFO: [VRFC 10-311] analyzing module FFT_adder__parameterized1_143
INFO: [VRFC 10-311] analyzing module FFT_adder__parameterized2
INFO: [VRFC 10-311] analyzing module FFT_adder__parameterized3
INFO: [VRFC 10-311] analyzing module FFT_adder__parameterized3_133
INFO: [VRFC 10-311] analyzing module FFT_adder__parameterized4
INFO: [VRFC 10-311] analyzing module FFT_adder__parameterized4_119
INFO: [VRFC 10-311] analyzing module FFT_adder__parameterized5
INFO: [VRFC 10-311] analyzing module FFT_adder__parameterized5_241
INFO: [VRFC 10-311] analyzing module FFT_adder_bypass
INFO: [VRFC 10-311] analyzing module FFT_adder_bypass_98
INFO: [VRFC 10-311] analyzing module FFT_adder_bypass__parameterized0
INFO: [VRFC 10-311] analyzing module FFT_adder_bypass__parameterized1
INFO: [VRFC 10-311] analyzing module FFT_axi_wrapper
INFO: [VRFC 10-311] analyzing module FFT_axi_wrapper_input_fifo
INFO: [VRFC 10-311] analyzing module FFT_axi_wrapper_input_fifo__parameterized0
INFO: [VRFC 10-311] analyzing module FFT_axi_wrapper_output_fifo
INFO: [VRFC 10-311] analyzing module FFT_c_addsub_v12_0_15_fabric_legacy
INFO: [VRFC 10-311] analyzing module FFT_c_addsub_v12_0_15_fabric_legacy_110
INFO: [VRFC 10-311] analyzing module FFT_c_addsub_v12_0_15_fabric_legacy__parameterized1
INFO: [VRFC 10-311] analyzing module FFT_c_addsub_v12_0_15_fabric_legacy__parameterized11
INFO: [VRFC 10-311] analyzing module FFT_c_addsub_v12_0_15_fabric_legacy__parameterized13
INFO: [VRFC 10-311] analyzing module FFT_c_addsub_v12_0_15_fabric_legacy__parameterized15
INFO: [VRFC 10-311] analyzing module FFT_c_addsub_v12_0_15_fabric_legacy__parameterized17
INFO: [VRFC 10-311] analyzing module FFT_c_addsub_v12_0_15_fabric_legacy__parameterized17_161
INFO: [VRFC 10-311] analyzing module FFT_c_addsub_v12_0_15_fabric_legacy__parameterized17_186
INFO: [VRFC 10-311] analyzing module FFT_c_addsub_v12_0_15_fabric_legacy__parameterized17_193
INFO: [VRFC 10-311] analyzing module FFT_c_addsub_v12_0_15_fabric_legacy__parameterized17_199
INFO: [VRFC 10-311] analyzing module FFT_c_addsub_v12_0_15_fabric_legacy__parameterized19
INFO: [VRFC 10-311] analyzing module FFT_c_addsub_v12_0_15_fabric_legacy__parameterized19_180
INFO: [VRFC 10-311] analyzing module FFT_c_addsub_v12_0_15_fabric_legacy__parameterized21
INFO: [VRFC 10-311] analyzing module FFT_c_addsub_v12_0_15_fabric_legacy__parameterized21_154
INFO: [VRFC 10-311] analyzing module FFT_c_addsub_v12_0_15_fabric_legacy__parameterized23
INFO: [VRFC 10-311] analyzing module FFT_c_addsub_v12_0_15_fabric_legacy__parameterized25
INFO: [VRFC 10-311] analyzing module FFT_c_addsub_v12_0_15_fabric_legacy__parameterized25_140
INFO: [VRFC 10-311] analyzing module FFT_c_addsub_v12_0_15_fabric_legacy__parameterized27
INFO: [VRFC 10-311] analyzing module FFT_c_addsub_v12_0_15_fabric_legacy__parameterized27_130
INFO: [VRFC 10-311] analyzing module FFT_c_addsub_v12_0_15_fabric_legacy__parameterized29
INFO: [VRFC 10-311] analyzing module FFT_c_addsub_v12_0_15_fabric_legacy__parameterized29_253
INFO: [VRFC 10-311] analyzing module FFT_c_addsub_v12_0_15_fabric_legacy__parameterized3
INFO: [VRFC 10-311] analyzing module FFT_c_addsub_v12_0_15_fabric_legacy__parameterized5
INFO: [VRFC 10-311] analyzing module FFT_c_addsub_v12_0_15_fabric_legacy__parameterized7
INFO: [VRFC 10-311] analyzing module FFT_c_addsub_v12_0_15_fabric_legacy__parameterized7_34
INFO: [VRFC 10-311] analyzing module FFT_c_addsub_v12_0_15_fabric_legacy__parameterized9
INFO: [VRFC 10-311] analyzing module FFT_c_addsub_v12_0_15_legacy
INFO: [VRFC 10-311] analyzing module FFT_c_addsub_v12_0_15_legacy_109
INFO: [VRFC 10-311] analyzing module FFT_c_addsub_v12_0_15_legacy__parameterized1
INFO: [VRFC 10-311] analyzing module FFT_c_addsub_v12_0_15_legacy__parameterized11
INFO: [VRFC 10-311] analyzing module FFT_c_addsub_v12_0_15_legacy__parameterized13
INFO: [VRFC 10-311] analyzing module FFT_c_addsub_v12_0_15_legacy__parameterized15
INFO: [VRFC 10-311] analyzing module FFT_c_addsub_v12_0_15_legacy__parameterized17
INFO: [VRFC 10-311] analyzing module FFT_c_addsub_v12_0_15_legacy__parameterized17_160
INFO: [VRFC 10-311] analyzing module FFT_c_addsub_v12_0_15_legacy__parameterized17_185
INFO: [VRFC 10-311] analyzing module FFT_c_addsub_v12_0_15_legacy__parameterized17_192
INFO: [VRFC 10-311] analyzing module FFT_c_addsub_v12_0_15_legacy__parameterized17_198
INFO: [VRFC 10-311] analyzing module FFT_c_addsub_v12_0_15_legacy__parameterized19
INFO: [VRFC 10-311] analyzing module FFT_c_addsub_v12_0_15_legacy__parameterized19_179
INFO: [VRFC 10-311] analyzing module FFT_c_addsub_v12_0_15_legacy__parameterized21
INFO: [VRFC 10-311] analyzing module FFT_c_addsub_v12_0_15_legacy__parameterized21_153
INFO: [VRFC 10-311] analyzing module FFT_c_addsub_v12_0_15_legacy__parameterized23
INFO: [VRFC 10-311] analyzing module FFT_c_addsub_v12_0_15_legacy__parameterized25
INFO: [VRFC 10-311] analyzing module FFT_c_addsub_v12_0_15_legacy__parameterized25_139
INFO: [VRFC 10-311] analyzing module FFT_c_addsub_v12_0_15_legacy__parameterized27
INFO: [VRFC 10-311] analyzing module FFT_c_addsub_v12_0_15_legacy__parameterized27_129
INFO: [VRFC 10-311] analyzing module FFT_c_addsub_v12_0_15_legacy__parameterized29
INFO: [VRFC 10-311] analyzing module FFT_c_addsub_v12_0_15_legacy__parameterized29_252
INFO: [VRFC 10-311] analyzing module FFT_c_addsub_v12_0_15_legacy__parameterized3
INFO: [VRFC 10-311] analyzing module FFT_c_addsub_v12_0_15_legacy__parameterized5
INFO: [VRFC 10-311] analyzing module FFT_c_addsub_v12_0_15_legacy__parameterized7
INFO: [VRFC 10-311] analyzing module FFT_c_addsub_v12_0_15_legacy__parameterized7_33
INFO: [VRFC 10-311] analyzing module FFT_c_addsub_v12_0_15_legacy__parameterized9
INFO: [VRFC 10-311] analyzing module FFT_c_addsub_v12_0_15_lut6_legacy
INFO: [VRFC 10-311] analyzing module FFT_c_addsub_v12_0_15_lut6_legacy_111
INFO: [VRFC 10-311] analyzing module FFT_c_addsub_v12_0_15_lut6_legacy__parameterized1
INFO: [VRFC 10-311] analyzing module FFT_c_addsub_v12_0_15_lut6_legacy__parameterized11
INFO: [VRFC 10-311] analyzing module FFT_c_addsub_v12_0_15_lut6_legacy__parameterized13
INFO: [VRFC 10-311] analyzing module FFT_c_addsub_v12_0_15_lut6_legacy__parameterized15
INFO: [VRFC 10-311] analyzing module FFT_c_addsub_v12_0_15_lut6_legacy__parameterized17
INFO: [VRFC 10-311] analyzing module FFT_c_addsub_v12_0_15_lut6_legacy__parameterized17_162
INFO: [VRFC 10-311] analyzing module FFT_c_addsub_v12_0_15_lut6_legacy__parameterized17_187
INFO: [VRFC 10-311] analyzing module FFT_c_addsub_v12_0_15_lut6_legacy__parameterized17_194
INFO: [VRFC 10-311] analyzing module FFT_c_addsub_v12_0_15_lut6_legacy__parameterized17_200
INFO: [VRFC 10-311] analyzing module FFT_c_addsub_v12_0_15_lut6_legacy__parameterized19
INFO: [VRFC 10-311] analyzing module FFT_c_addsub_v12_0_15_lut6_legacy__parameterized19_181
INFO: [VRFC 10-311] analyzing module FFT_c_addsub_v12_0_15_lut6_legacy__parameterized21
INFO: [VRFC 10-311] analyzing module FFT_c_addsub_v12_0_15_lut6_legacy__parameterized21_155
INFO: [VRFC 10-311] analyzing module FFT_c_addsub_v12_0_15_lut6_legacy__parameterized23
INFO: [VRFC 10-311] analyzing module FFT_c_addsub_v12_0_15_lut6_legacy__parameterized25
INFO: [VRFC 10-311] analyzing module FFT_c_addsub_v12_0_15_lut6_legacy__parameterized25_141
INFO: [VRFC 10-311] analyzing module FFT_c_addsub_v12_0_15_lut6_legacy__parameterized27
INFO: [VRFC 10-311] analyzing module FFT_c_addsub_v12_0_15_lut6_legacy__parameterized27_131
INFO: [VRFC 10-311] analyzing module FFT_c_addsub_v12_0_15_lut6_legacy__parameterized29
INFO: [VRFC 10-311] analyzing module FFT_c_addsub_v12_0_15_lut6_legacy__parameterized29_254
INFO: [VRFC 10-311] analyzing module FFT_c_addsub_v12_0_15_lut6_legacy__parameterized3
INFO: [VRFC 10-311] analyzing module FFT_c_addsub_v12_0_15_lut6_legacy__parameterized5
INFO: [VRFC 10-311] analyzing module FFT_c_addsub_v12_0_15_lut6_legacy__parameterized7
INFO: [VRFC 10-311] analyzing module FFT_c_addsub_v12_0_15_lut6_legacy__parameterized7_35
INFO: [VRFC 10-311] analyzing module FFT_c_addsub_v12_0_15_lut6_legacy__parameterized9
INFO: [VRFC 10-311] analyzing module FFT_c_addsub_v12_0_15_viv
INFO: [VRFC 10-311] analyzing module FFT_c_addsub_v12_0_15_viv__1
INFO: [VRFC 10-311] analyzing module FFT_c_addsub_v12_0_15_viv__parameterized0
INFO: [VRFC 10-311] analyzing module FFT_c_addsub_v12_0_15_viv__parameterized1
INFO: [VRFC 10-311] analyzing module FFT_c_addsub_v12_0_15_viv__parameterized10
INFO: [VRFC 10-311] analyzing module FFT_c_addsub_v12_0_15_viv__parameterized10__1
INFO: [VRFC 10-311] analyzing module FFT_c_addsub_v12_0_15_viv__parameterized11
INFO: [VRFC 10-311] analyzing module FFT_c_addsub_v12_0_15_viv__parameterized12
INFO: [VRFC 10-311] analyzing module FFT_c_addsub_v12_0_15_viv__parameterized12__1
INFO: [VRFC 10-311] analyzing module FFT_c_addsub_v12_0_15_viv__parameterized13
INFO: [VRFC 10-311] analyzing module FFT_c_addsub_v12_0_15_viv__parameterized13__1
INFO: [VRFC 10-311] analyzing module FFT_c_addsub_v12_0_15_viv__parameterized14
INFO: [VRFC 10-311] analyzing module FFT_c_addsub_v12_0_15_viv__parameterized14__1
INFO: [VRFC 10-311] analyzing module FFT_c_addsub_v12_0_15_viv__parameterized2
INFO: [VRFC 10-311] analyzing module FFT_c_addsub_v12_0_15_viv__parameterized3
INFO: [VRFC 10-311] analyzing module FFT_c_addsub_v12_0_15_viv__parameterized3__1
INFO: [VRFC 10-311] analyzing module FFT_c_addsub_v12_0_15_viv__parameterized4
INFO: [VRFC 10-311] analyzing module FFT_c_addsub_v12_0_15_viv__parameterized5
INFO: [VRFC 10-311] analyzing module FFT_c_addsub_v12_0_15_viv__parameterized6
INFO: [VRFC 10-311] analyzing module FFT_c_addsub_v12_0_15_viv__parameterized7
INFO: [VRFC 10-311] analyzing module FFT_c_addsub_v12_0_15_viv__parameterized8
INFO: [VRFC 10-311] analyzing module FFT_c_addsub_v12_0_15_viv__parameterized8__1
INFO: [VRFC 10-311] analyzing module FFT_c_addsub_v12_0_15_viv__parameterized8__2
INFO: [VRFC 10-311] analyzing module FFT_c_addsub_v12_0_15_viv__parameterized8__3
INFO: [VRFC 10-311] analyzing module FFT_c_addsub_v12_0_15_viv__parameterized8__4
INFO: [VRFC 10-311] analyzing module FFT_c_addsub_v12_0_15_viv__parameterized9
INFO: [VRFC 10-311] analyzing module FFT_c_addsub_v12_0_15_viv__parameterized9__1
INFO: [VRFC 10-311] analyzing module FFT_c_reg_fd_v12_0_6_viv
INFO: [VRFC 10-311] analyzing module FFT_c_reg_fd_v12_0_6_viv_101
INFO: [VRFC 10-311] analyzing module FFT_c_reg_fd_v12_0_6_viv_102
INFO: [VRFC 10-311] analyzing module FFT_c_reg_fd_v12_0_6_viv_103
INFO: [VRFC 10-311] analyzing module FFT_c_reg_fd_v12_0_6_viv_104
INFO: [VRFC 10-311] analyzing module FFT_c_reg_fd_v12_0_6_viv_105
INFO: [VRFC 10-311] analyzing module FFT_c_reg_fd_v12_0_6_viv_106
INFO: [VRFC 10-311] analyzing module FFT_c_reg_fd_v12_0_6_viv_107
INFO: [VRFC 10-311] analyzing module FFT_c_reg_fd_v12_0_6_viv_108
INFO: [VRFC 10-311] analyzing module FFT_c_reg_fd_v12_0_6_viv_113
INFO: [VRFC 10-311] analyzing module FFT_c_reg_fd_v12_0_6_viv_114
INFO: [VRFC 10-311] analyzing module FFT_c_reg_fd_v12_0_6_viv_116
INFO: [VRFC 10-311] analyzing module FFT_c_reg_fd_v12_0_6_viv_207
INFO: [VRFC 10-311] analyzing module FFT_c_reg_fd_v12_0_6_viv_209
INFO: [VRFC 10-311] analyzing module FFT_c_reg_fd_v12_0_6_viv_211
INFO: [VRFC 10-311] analyzing module FFT_c_reg_fd_v12_0_6_viv_249
INFO: [VRFC 10-311] analyzing module FFT_c_reg_fd_v12_0_6_viv_251
INFO: [VRFC 10-311] analyzing module FFT_c_reg_fd_v12_0_6_viv_256
INFO: [VRFC 10-311] analyzing module FFT_c_reg_fd_v12_0_6_viv__parameterized1
INFO: [VRFC 10-311] analyzing module FFT_c_reg_fd_v12_0_6_viv__parameterized10
INFO: [VRFC 10-311] analyzing module FFT_c_reg_fd_v12_0_6_viv__parameterized10_210
INFO: [VRFC 10-311] analyzing module FFT_c_reg_fd_v12_0_6_viv__parameterized10_255
INFO: [VRFC 10-311] analyzing module FFT_c_reg_fd_v12_0_6_viv__parameterized10_36
INFO: [VRFC 10-311] analyzing module FFT_c_reg_fd_v12_0_6_viv__parameterized12
INFO: [VRFC 10-311] analyzing module FFT_c_reg_fd_v12_0_6_viv__parameterized12_163
INFO: [VRFC 10-311] analyzing module FFT_c_reg_fd_v12_0_6_viv__parameterized12_188
INFO: [VRFC 10-311] analyzing module FFT_c_reg_fd_v12_0_6_viv__parameterized12_195
INFO: [VRFC 10-311] analyzing module FFT_c_reg_fd_v12_0_6_viv__parameterized12_201
INFO: [VRFC 10-311] analyzing module FFT_c_reg_fd_v12_0_6_viv__parameterized14
INFO: [VRFC 10-311] analyzing module FFT_c_reg_fd_v12_0_6_viv__parameterized14_182
INFO: [VRFC 10-311] analyzing module FFT_c_reg_fd_v12_0_6_viv__parameterized16
INFO: [VRFC 10-311] analyzing module FFT_c_reg_fd_v12_0_6_viv__parameterized16_156
INFO: [VRFC 10-311] analyzing module FFT_c_reg_fd_v12_0_6_viv__parameterized18
INFO: [VRFC 10-311] analyzing module FFT_c_reg_fd_v12_0_6_viv__parameterized18_142
INFO: [VRFC 10-311] analyzing module FFT_c_reg_fd_v12_0_6_viv__parameterized1_112
INFO: [VRFC 10-311] analyzing module FFT_c_reg_fd_v12_0_6_viv__parameterized20
INFO: [VRFC 10-311] analyzing module FFT_c_reg_fd_v12_0_6_viv__parameterized20_132
INFO: [VRFC 10-311] analyzing module FFT_c_reg_fd_v12_0_6_viv__parameterized3
INFO: [VRFC 10-311] analyzing module FFT_c_reg_fd_v12_0_6_viv__parameterized3_164
INFO: [VRFC 10-311] analyzing module FFT_c_reg_fd_v12_0_6_viv__parameterized6
INFO: [VRFC 10-311] analyzing module FFT_c_reg_fd_v12_0_6_viv__parameterized8
INFO: [VRFC 10-311] analyzing module FFT_c_shift_ram_v12_0_14_legacy
INFO: [VRFC 10-311] analyzing module FFT_c_shift_ram_v12_0_14_legacy__1
INFO: [VRFC 10-311] analyzing module FFT_c_shift_ram_v12_0_14_legacy__2
INFO: [VRFC 10-311] analyzing module FFT_c_shift_ram_v12_0_14_legacy__3
INFO: [VRFC 10-311] analyzing module FFT_c_shift_ram_v12_0_14_legacy__4
INFO: [VRFC 10-311] analyzing module FFT_c_shift_ram_v12_0_14_legacy__5
INFO: [VRFC 10-311] analyzing module FFT_c_shift_ram_v12_0_14_legacy__6
INFO: [VRFC 10-311] analyzing module FFT_c_shift_ram_v12_0_14_legacy__parameterized0
INFO: [VRFC 10-311] analyzing module FFT_c_shift_ram_v12_0_14_legacy__parameterized0__1
INFO: [VRFC 10-311] analyzing module FFT_c_shift_ram_v12_0_14_legacy__parameterized10
INFO: [VRFC 10-311] analyzing module FFT_c_shift_ram_v12_0_14_legacy__parameterized10__1
INFO: [VRFC 10-311] analyzing module FFT_c_shift_ram_v12_0_14_legacy__parameterized11
INFO: [VRFC 10-311] analyzing module FFT_c_shift_ram_v12_0_14_legacy__parameterized11__1
INFO: [VRFC 10-311] analyzing module FFT_c_shift_ram_v12_0_14_legacy__parameterized11__2
INFO: [VRFC 10-311] analyzing module FFT_c_shift_ram_v12_0_14_legacy__parameterized11__3
INFO: [VRFC 10-311] analyzing module FFT_c_shift_ram_v12_0_14_legacy__parameterized11__4
INFO: [VRFC 10-311] analyzing module FFT_c_shift_ram_v12_0_14_legacy__parameterized11__5
INFO: [VRFC 10-311] analyzing module FFT_c_shift_ram_v12_0_14_legacy__parameterized11__7
INFO: [VRFC 10-311] analyzing module FFT_c_shift_ram_v12_0_14_legacy__parameterized11__8
INFO: [VRFC 10-311] analyzing module FFT_c_shift_ram_v12_0_14_legacy__parameterized12
INFO: [VRFC 10-311] analyzing module FFT_c_shift_ram_v12_0_14_legacy__parameterized13
INFO: [VRFC 10-311] analyzing module FFT_c_shift_ram_v12_0_14_legacy__parameterized14
INFO: [VRFC 10-311] analyzing module FFT_c_shift_ram_v12_0_14_legacy__parameterized15
INFO: [VRFC 10-311] analyzing module FFT_c_shift_ram_v12_0_14_legacy__parameterized16
INFO: [VRFC 10-311] analyzing module FFT_c_shift_ram_v12_0_14_legacy__parameterized16__1
INFO: [VRFC 10-311] analyzing module FFT_c_shift_ram_v12_0_14_legacy__parameterized16__4
INFO: [VRFC 10-311] analyzing module FFT_c_shift_ram_v12_0_14_legacy__parameterized17
INFO: [VRFC 10-311] analyzing module FFT_c_shift_ram_v12_0_14_legacy__parameterized17__1
INFO: [VRFC 10-311] analyzing module FFT_c_shift_ram_v12_0_14_legacy__parameterized17__2
INFO: [VRFC 10-311] analyzing module FFT_c_shift_ram_v12_0_14_legacy__parameterized1__1
INFO: [VRFC 10-311] analyzing module FFT_c_shift_ram_v12_0_14_legacy__parameterized1__3
INFO: [VRFC 10-311] analyzing module FFT_c_shift_ram_v12_0_14_legacy__parameterized1__4
INFO: [VRFC 10-311] analyzing module FFT_c_shift_ram_v12_0_14_legacy__parameterized2
INFO: [VRFC 10-311] analyzing module FFT_c_shift_ram_v12_0_14_legacy__parameterized2__1
INFO: [VRFC 10-311] analyzing module FFT_c_shift_ram_v12_0_14_legacy__parameterized2__2
INFO: [VRFC 10-311] analyzing module FFT_c_shift_ram_v12_0_14_legacy__parameterized3
INFO: [VRFC 10-311] analyzing module FFT_c_shift_ram_v12_0_14_legacy__parameterized4
INFO: [VRFC 10-311] analyzing module FFT_c_shift_ram_v12_0_14_legacy__parameterized5
INFO: [VRFC 10-311] analyzing module FFT_c_shift_ram_v12_0_14_legacy__parameterized5__1
INFO: [VRFC 10-311] analyzing module FFT_c_shift_ram_v12_0_14_legacy__parameterized5__2
INFO: [VRFC 10-311] analyzing module FFT_c_shift_ram_v12_0_14_legacy__parameterized6
INFO: [VRFC 10-311] analyzing module FFT_c_shift_ram_v12_0_14_legacy__parameterized7
INFO: [VRFC 10-311] analyzing module FFT_c_shift_ram_v12_0_14_legacy__parameterized8
INFO: [VRFC 10-311] analyzing module FFT_c_shift_ram_v12_0_14_legacy__parameterized8__1
INFO: [VRFC 10-311] analyzing module FFT_c_shift_ram_v12_0_14_legacy__parameterized9
INFO: [VRFC 10-311] analyzing module FFT_c_shift_ram_v12_0_14_viv
INFO: [VRFC 10-311] analyzing module FFT_c_shift_ram_v12_0_14_viv__1
INFO: [VRFC 10-311] analyzing module FFT_c_shift_ram_v12_0_14_viv__2
INFO: [VRFC 10-311] analyzing module FFT_c_shift_ram_v12_0_14_viv__3
INFO: [VRFC 10-311] analyzing module FFT_c_shift_ram_v12_0_14_viv__4
INFO: [VRFC 10-311] analyzing module FFT_c_shift_ram_v12_0_14_viv__5
INFO: [VRFC 10-311] analyzing module FFT_c_shift_ram_v12_0_14_viv__6
INFO: [VRFC 10-311] analyzing module FFT_c_shift_ram_v12_0_14_viv__parameterized0
INFO: [VRFC 10-311] analyzing module FFT_c_shift_ram_v12_0_14_viv__parameterized0__1
INFO: [VRFC 10-311] analyzing module FFT_c_shift_ram_v12_0_14_viv__parameterized10
INFO: [VRFC 10-311] analyzing module FFT_c_shift_ram_v12_0_14_viv__parameterized11
INFO: [VRFC 10-311] analyzing module FFT_c_shift_ram_v12_0_14_viv__parameterized11__1
INFO: [VRFC 10-311] analyzing module FFT_c_shift_ram_v12_0_14_viv__parameterized11__2
INFO: [VRFC 10-311] analyzing module FFT_c_shift_ram_v12_0_14_viv__parameterized11__3
INFO: [VRFC 10-311] analyzing module FFT_c_shift_ram_v12_0_14_viv__parameterized11__4
INFO: [VRFC 10-311] analyzing module FFT_c_shift_ram_v12_0_14_viv__parameterized11__5
INFO: [VRFC 10-311] analyzing module FFT_c_shift_ram_v12_0_14_viv__parameterized11__6
INFO: [VRFC 10-311] analyzing module FFT_c_shift_ram_v12_0_14_viv__parameterized12
INFO: [VRFC 10-311] analyzing module FFT_c_shift_ram_v12_0_14_viv__parameterized13
INFO: [VRFC 10-311] analyzing module FFT_c_shift_ram_v12_0_14_viv__parameterized14
INFO: [VRFC 10-311] analyzing module FFT_c_shift_ram_v12_0_14_viv__parameterized15
INFO: [VRFC 10-311] analyzing module FFT_c_shift_ram_v12_0_14_viv__parameterized16
INFO: [VRFC 10-311] analyzing module FFT_c_shift_ram_v12_0_14_viv__parameterized17
INFO: [VRFC 10-311] analyzing module FFT_c_shift_ram_v12_0_14_viv__parameterized18
INFO: [VRFC 10-311] analyzing module FFT_c_shift_ram_v12_0_14_viv__parameterized19
INFO: [VRFC 10-311] analyzing module FFT_c_shift_ram_v12_0_14_viv__parameterized19__1
INFO: [VRFC 10-311] analyzing module FFT_c_shift_ram_v12_0_14_viv__parameterized19__4
INFO: [VRFC 10-311] analyzing module FFT_c_shift_ram_v12_0_14_viv__parameterized1__1
INFO: [VRFC 10-311] analyzing module FFT_c_shift_ram_v12_0_14_viv__parameterized1__3
INFO: [VRFC 10-311] analyzing module FFT_c_shift_ram_v12_0_14_viv__parameterized1__4
INFO: [VRFC 10-311] analyzing module FFT_c_shift_ram_v12_0_14_viv__parameterized2
INFO: [VRFC 10-311] analyzing module FFT_c_shift_ram_v12_0_14_viv__parameterized20
INFO: [VRFC 10-311] analyzing module FFT_c_shift_ram_v12_0_14_viv__parameterized20__1
INFO: [VRFC 10-311] analyzing module FFT_c_shift_ram_v12_0_14_viv__parameterized20__2
INFO: [VRFC 10-311] analyzing module FFT_c_shift_ram_v12_0_14_viv__parameterized2__1
INFO: [VRFC 10-311] analyzing module FFT_c_shift_ram_v12_0_14_viv__parameterized2__2
INFO: [VRFC 10-311] analyzing module FFT_c_shift_ram_v12_0_14_viv__parameterized3
INFO: [VRFC 10-311] analyzing module FFT_c_shift_ram_v12_0_14_viv__parameterized4
INFO: [VRFC 10-311] analyzing module FFT_c_shift_ram_v12_0_14_viv__parameterized5
INFO: [VRFC 10-311] analyzing module FFT_c_shift_ram_v12_0_14_viv__parameterized5__1
INFO: [VRFC 10-311] analyzing module FFT_c_shift_ram_v12_0_14_viv__parameterized6
INFO: [VRFC 10-311] analyzing module FFT_c_shift_ram_v12_0_14_viv__parameterized7
INFO: [VRFC 10-311] analyzing module FFT_c_shift_ram_v12_0_14_viv__parameterized8
INFO: [VRFC 10-311] analyzing module FFT_c_shift_ram_v12_0_14_viv__parameterized8__1
INFO: [VRFC 10-311] analyzing module FFT_c_shift_ram_v12_0_14_viv__parameterized9
INFO: [VRFC 10-311] analyzing module FFT_carry_chain__parameterized0
INFO: [VRFC 10-311] analyzing module FFT_carry_chain__parameterized0_82
INFO: [VRFC 10-311] analyzing module FFT_carry_chain__parameterized1
INFO: [VRFC 10-311] analyzing module FFT_carry_chain__parameterized1_50
INFO: [VRFC 10-311] analyzing module FFT_carry_chain__parameterized2
INFO: [VRFC 10-311] analyzing module FFT_carry_chain__parameterized2_261
INFO: [VRFC 10-311] analyzing module FFT_carry_chain__parameterized3
INFO: [VRFC 10-311] analyzing module FFT_carry_chain__parameterized3_227
INFO: [VRFC 10-311] analyzing module FFT_carry_chain__parameterized3_296
INFO: [VRFC 10-311] analyzing module FFT_carry_chain__parameterized3_297
INFO: [VRFC 10-311] analyzing module FFT_carry_chain__parameterized4
INFO: [VRFC 10-311] analyzing module FFT_carry_chain__parameterized4_271
INFO: [VRFC 10-311] analyzing module FFT_carry_chain__parameterized5
INFO: [VRFC 10-311] analyzing module FFT_carry_chain__parameterized5_268
INFO: [VRFC 10-311] analyzing module FFT_carry_chain__parameterized6
INFO: [VRFC 10-311] analyzing module FFT_carry_chain__parameterized6_269
INFO: [VRFC 10-311] analyzing module FFT_cmpy
INFO: [VRFC 10-311] analyzing module FFT_cmpy_4_dsp48
INFO: [VRFC 10-311] analyzing module FFT_cmpy_4_dsp48_mult
INFO: [VRFC 10-311] analyzing module FFT_cmpy_v6_0_21_delay_line__parameterized0
INFO: [VRFC 10-311] analyzing module FFT_cmpy_v6_0_21_delay_line__parameterized0_165
INFO: [VRFC 10-311] analyzing module FFT_cmpy_v6_0_21_delay_line__parameterized2
INFO: [VRFC 10-311] analyzing module FFT_cmpy_v6_0_21_delay_line__parameterized3
INFO: [VRFC 10-311] analyzing module FFT_cmpy_v6_0_21_delay_line__parameterized4
INFO: [VRFC 10-311] analyzing module FFT_cmpy_v6_0_21_delay_line__parameterized4_166
INFO: [VRFC 10-311] analyzing module FFT_cmpy_v6_0_21_delay_line__parameterized4_167
INFO: [VRFC 10-311] analyzing module FFT_cmpy_v6_0_21_delay_line__parameterized4_168
INFO: [VRFC 10-311] analyzing module FFT_cmpy_v6_0_21_delay_line__parameterized4_169
INFO: [VRFC 10-311] analyzing module FFT_cmpy_v6_0_21_delay_line__parameterized4_170
INFO: [VRFC 10-311] analyzing module FFT_cmpy_v6_0_21_delay_line__parameterized4_171
INFO: [VRFC 10-311] analyzing module FFT_cmpy_v6_0_21_delay_line__parameterized4_172
INFO: [VRFC 10-311] analyzing module FFT_cmpy_v6_0_21_synth
INFO: [VRFC 10-311] analyzing module FFT_cnt_sat
INFO: [VRFC 10-311] analyzing module FFT_cnt_sat__parameterized0
INFO: [VRFC 10-311] analyzing module FFT_cnt_sat__parameterized1
INFO: [VRFC 10-311] analyzing module FFT_cnt_sat__parameterized2
INFO: [VRFC 10-311] analyzing module FFT_cnt_tc_rtl_a
INFO: [VRFC 10-311] analyzing module FFT_cnt_tc_rtl_a__parameterized0
INFO: [VRFC 10-311] analyzing module FFT_cnt_tc_rtl_a__parameterized0_157
INFO: [VRFC 10-311] analyzing module FFT_cnt_tc_rtl_a__parameterized0_183
INFO: [VRFC 10-311] analyzing module FFT_cnt_tc_rtl_a__parameterized0_196
INFO: [VRFC 10-311] analyzing module FFT_compare_eq_im__parameterized0
INFO: [VRFC 10-311] analyzing module FFT_compare_eq_im__parameterized0_71
INFO: [VRFC 10-311] analyzing module FFT_delay
INFO: [VRFC 10-311] analyzing module FFT_delay_219
INFO: [VRFC 10-311] analyzing module FFT_delay_280
INFO: [VRFC 10-311] analyzing module FFT_delay_4
INFO: [VRFC 10-311] analyzing module FFT_delay_42
INFO: [VRFC 10-311] analyzing module FFT_delay_44
INFO: [VRFC 10-311] analyzing module FFT_delay_47
INFO: [VRFC 10-311] analyzing module FFT_delay_5
INFO: [VRFC 10-311] analyzing module FFT_delay_52
INFO: [VRFC 10-311] analyzing module FFT_delay_7
INFO: [VRFC 10-311] analyzing module FFT_delay__parameterized0
INFO: [VRFC 10-311] analyzing module FFT_delay__parameterized0_46
INFO: [VRFC 10-311] analyzing module FFT_delay__parameterized10
INFO: [VRFC 10-311] analyzing module FFT_delay__parameterized10_20
INFO: [VRFC 10-311] analyzing module FFT_delay__parameterized10_225
INFO: [VRFC 10-311] analyzing module FFT_delay__parameterized10_293
INFO: [VRFC 10-311] analyzing module FFT_delay__parameterized10_74
INFO: [VRFC 10-311] analyzing module FFT_delay__parameterized10_85
INFO: [VRFC 10-311] analyzing module FFT_delay__parameterized11
INFO: [VRFC 10-311] analyzing module FFT_delay__parameterized11_22
INFO: [VRFC 10-311] analyzing module FFT_delay__parameterized11_223
INFO: [VRFC 10-311] analyzing module FFT_delay__parameterized11_290
INFO: [VRFC 10-311] analyzing module FFT_delay__parameterized11_76
INFO: [VRFC 10-311] analyzing module FFT_delay__parameterized11_87
INFO: [VRFC 10-311] analyzing module FFT_delay__parameterized12
INFO: [VRFC 10-311] analyzing module FFT_delay__parameterized12_19
INFO: [VRFC 10-311] analyzing module FFT_delay__parameterized12_21
INFO: [VRFC 10-311] analyzing module FFT_delay__parameterized12_83
INFO: [VRFC 10-311] analyzing module FFT_delay__parameterized12_84
INFO: [VRFC 10-311] analyzing module FFT_delay__parameterized12_86
INFO: [VRFC 10-311] analyzing module FFT_delay__parameterized15
INFO: [VRFC 10-311] analyzing module FFT_delay__parameterized15_51
INFO: [VRFC 10-311] analyzing module FFT_delay__parameterized17
INFO: [VRFC 10-311] analyzing module FFT_delay__parameterized17_58
INFO: [VRFC 10-311] analyzing module FFT_delay__parameterized19
INFO: [VRFC 10-311] analyzing module FFT_delay__parameterized19_288
INFO: [VRFC 10-311] analyzing module FFT_delay__parameterized20
INFO: [VRFC 10-311] analyzing module FFT_delay__parameterized20_215
INFO: [VRFC 10-311] analyzing module FFT_delay__parameterized20_216
INFO: [VRFC 10-311] analyzing module FFT_delay__parameterized20_266
INFO: [VRFC 10-311] analyzing module FFT_delay__parameterized20_276
INFO: [VRFC 10-311] analyzing module FFT_delay__parameterized20_277
INFO: [VRFC 10-311] analyzing module FFT_delay__parameterized22
INFO: [VRFC 10-311] analyzing module FFT_delay__parameterized22_233
INFO: [VRFC 10-311] analyzing module FFT_delay__parameterized22_235
INFO: [VRFC 10-311] analyzing module FFT_delay__parameterized22_281
INFO: [VRFC 10-311] analyzing module FFT_delay__parameterized22_303
INFO: [VRFC 10-311] analyzing module FFT_delay__parameterized22_305
INFO: [VRFC 10-311] analyzing module FFT_delay__parameterized23
INFO: [VRFC 10-311] analyzing module FFT_delay__parameterized23_228
INFO: [VRFC 10-311] analyzing module FFT_delay__parameterized23_230
INFO: [VRFC 10-311] analyzing module FFT_delay__parameterized23_282
INFO: [VRFC 10-311] analyzing module FFT_delay__parameterized23_298
INFO: [VRFC 10-311] analyzing module FFT_delay__parameterized23_300
INFO: [VRFC 10-311] analyzing module FFT_delay__parameterized24
INFO: [VRFC 10-311] analyzing module FFT_delay__parameterized24_283
INFO: [VRFC 10-311] analyzing module FFT_delay__parameterized28
INFO: [VRFC 10-311] analyzing module FFT_delay__parameterized28_308
INFO: [VRFC 10-311] analyzing module FFT_delay__parameterized3
INFO: [VRFC 10-311] analyzing module FFT_delay__parameterized33
INFO: [VRFC 10-311] analyzing module FFT_delay__parameterized33_213
INFO: [VRFC 10-311] analyzing module FFT_delay__parameterized33_272
INFO: [VRFC 10-311] analyzing module FFT_delay__parameterized33_274
INFO: [VRFC 10-311] analyzing module FFT_delay__parameterized36
INFO: [VRFC 10-311] analyzing module FFT_delay__parameterized36_309
INFO: [VRFC 10-311] analyzing module FFT_delay__parameterized37
INFO: [VRFC 10-311] analyzing module FFT_delay__parameterized37_310
INFO: [VRFC 10-311] analyzing module FFT_delay__parameterized3_12
INFO: [VRFC 10-311] analyzing module FFT_delay__parameterized3_66
INFO: [VRFC 10-311] analyzing module FFT_delay__parameterized3_67
INFO: [VRFC 10-311] analyzing module FFT_delay__parameterized4
INFO: [VRFC 10-311] analyzing module FFT_delay__parameterized4_27
INFO: [VRFC 10-311] analyzing module FFT_delay__parameterized4_54
INFO: [VRFC 10-311] analyzing module FFT_delay__parameterized4_93
INFO: [VRFC 10-311] analyzing module FFT_delay__parameterized5
INFO: [VRFC 10-311] analyzing module FFT_delay__parameterized5_48
INFO: [VRFC 10-311] analyzing module FFT_delay__parameterized6
INFO: [VRFC 10-311] analyzing module FFT_delay__parameterized6_45
INFO: [VRFC 10-311] analyzing module FFT_delay__parameterized6_49
INFO: [VRFC 10-311] analyzing module FFT_delay__parameterized6_6
INFO: [VRFC 10-311] analyzing module FFT_delay__parameterized9
INFO: [VRFC 10-311] analyzing module FFT_delay__parameterized9_15
INFO: [VRFC 10-311] analyzing module FFT_delay__parameterized9_16
INFO: [VRFC 10-311] analyzing module FFT_delay__parameterized9_72
INFO: [VRFC 10-311] analyzing module FFT_delay__parameterized9_73
INFO: [VRFC 10-311] analyzing module FFT_delay__parameterized9_75
INFO: [VRFC 10-311] analyzing module FFT_delay_s
INFO: [VRFC 10-311] analyzing module FFT_delay_s_39
INFO: [VRFC 10-311] analyzing module FFT_delay_s_53
INFO: [VRFC 10-311] analyzing module FFT_delay_s_8
INFO: [VRFC 10-311] analyzing module FFT_dist_mem
INFO: [VRFC 10-311] analyzing module FFT_dist_mem__parameterized0
INFO: [VRFC 10-311] analyzing module FFT_dpm
INFO: [VRFC 10-311] analyzing module FFT_equ_rtl
INFO: [VRFC 10-311] analyzing module FFT_equ_rtl_159
INFO: [VRFC 10-311] analyzing module FFT_equ_rtl_184
INFO: [VRFC 10-311] analyzing module FFT_equ_rtl_189
INFO: [VRFC 10-311] analyzing module FFT_equ_rtl_191
INFO: [VRFC 10-311] analyzing module FFT_equ_rtl_197
INFO: [VRFC 10-311] analyzing module FFT_equ_rtl__parameterized0
INFO: [VRFC 10-311] analyzing module FFT_equ_rtl__parameterized0_158
INFO: [VRFC 10-311] analyzing module FFT_fix_to_flt_conv
INFO: [VRFC 10-311] analyzing module FFT_fix_to_flt_conv_257
INFO: [VRFC 10-311] analyzing module FFT_fix_to_flt_conv_exp
INFO: [VRFC 10-311] analyzing module FFT_fix_to_flt_conv_exp_259
INFO: [VRFC 10-311] analyzing module FFT_floating_point_v7_0_20_viv
INFO: [VRFC 10-311] analyzing module FFT_floating_point_v7_0_20_viv__1
INFO: [VRFC 10-311] analyzing module FFT_floating_point_v7_0_20_viv__parameterized1
INFO: [VRFC 10-311] analyzing module FFT_floating_point_v7_0_20_viv__parameterized1__1
INFO: [VRFC 10-311] analyzing module FFT_flt_dec_op
INFO: [VRFC 10-311] analyzing module FFT_flt_dec_op_264
INFO: [VRFC 10-311] analyzing module FFT_flt_round_bit
INFO: [VRFC 10-311] analyzing module FFT_flt_round_bit_270
INFO: [VRFC 10-311] analyzing module FFT_flt_to_fix_conv
INFO: [VRFC 10-311] analyzing module FFT_flt_to_fix_conv_37
INFO: [VRFC 10-311] analyzing module FFT_fp_convert_to_block_fp
INFO: [VRFC 10-311] analyzing module FFT_fp_convert_to_block_fp_3
INFO: [VRFC 10-311] analyzing module FFT_fp_convert_to_fp
INFO: [VRFC 10-311] analyzing module FFT_fp_convert_to_fp_0
INFO: [VRFC 10-311] analyzing module FFT_fp_get_block_max_exp
INFO: [VRFC 10-311] analyzing module FFT_fp_shift_ram_clr_op
INFO: [VRFC 10-311] analyzing module FFT_fp_shift_ram_clr_op_1
INFO: [VRFC 10-311] analyzing module FFT_glb_ifx_master
INFO: [VRFC 10-311] analyzing module FFT_glb_ifx_slave
INFO: [VRFC 10-311] analyzing module FFT_glb_ifx_slave__parameterized0
INFO: [VRFC 10-311] analyzing module FFT_glb_srl_fifo
INFO: [VRFC 10-311] analyzing module FFT_glb_srl_fifo__parameterized1
INFO: [VRFC 10-311] analyzing module FFT_glb_srl_fifo__parameterized3
INFO: [VRFC 10-311] analyzing module FFT_lead_zero_encode
INFO: [VRFC 10-311] analyzing module FFT_lead_zero_encode_260
INFO: [VRFC 10-311] analyzing module FFT_logic_gate
INFO: [VRFC 10-311] analyzing module FFT_logic_gate__parameterized0
INFO: [VRFC 10-311] analyzing module FFT_logic_gate__parameterized0_202
INFO: [VRFC 10-311] analyzing module FFT_logic_gate__parameterized0_239
INFO: [VRFC 10-311] analyzing module FFT_logic_gate__parameterized0_31
INFO: [VRFC 10-311] analyzing module FFT_logic_gate__parameterized1
INFO: [VRFC 10-311] analyzing module FFT_logic_gate__parameterized1_30
INFO: [VRFC 10-311] analyzing module FFT_logic_gate__parameterized2
INFO: [VRFC 10-311] analyzing module FFT_logic_gate__parameterized3
INFO: [VRFC 10-311] analyzing module FFT_logic_gate__parameterized6
INFO: [VRFC 10-311] analyzing module FFT_logic_gate__parameterized6_244
INFO: [VRFC 10-311] analyzing module FFT_logic_gate__parameterized7
INFO: [VRFC 10-311] analyzing module FFT_logic_gate__parameterized7_243
INFO: [VRFC 10-311] analyzing module FFT_mux4
INFO: [VRFC 10-311] analyzing module FFT_mux4_224
INFO: [VRFC 10-311] analyzing module FFT_mux4_291
INFO: [VRFC 10-311] analyzing module FFT_mux4_292
INFO: [VRFC 10-311] analyzing module FFT_mux4__parameterized0
INFO: [VRFC 10-311] analyzing module FFT_mux4__parameterized0_226
INFO: [VRFC 10-311] analyzing module FFT_mux4__parameterized0_294
INFO: [VRFC 10-311] analyzing module FFT_mux4__parameterized0_295
INFO: [VRFC 10-311] analyzing module FFT_mux_bus4
INFO: [VRFC 10-311] analyzing module FFT_norm_zero_det
INFO: [VRFC 10-311] analyzing module FFT_norm_zero_det_262
INFO: [VRFC 10-311] analyzing module FFT_pipe_blank
INFO: [VRFC 10-311] analyzing module FFT_pipe_blank__parameterized0
INFO: [VRFC 10-311] analyzing module FFT_pipe_blank__parameterized1
INFO: [VRFC 10-311] analyzing module FFT_pipe_blank__parameterized1_205
INFO: [VRFC 10-311] analyzing module FFT_pipe_blank__parameterized1_247
INFO: [VRFC 10-311] analyzing module FFT_r22_bf_sp
INFO: [VRFC 10-311] analyzing module FFT_r22_bf_sp__parameterized0
INFO: [VRFC 10-311] analyzing module FFT_r22_bf_sp__parameterized1
INFO: [VRFC 10-311] analyzing module FFT_r22_bf_sp__parameterized2
INFO: [VRFC 10-311] analyzing module FFT_r22_cnt_ctrl
INFO: [VRFC 10-311] analyzing module FFT_r22_cnt_ctrl__parameterized0
INFO: [VRFC 10-311] analyzing module FFT_r22_cnt_ctrl__parameterized1
INFO: [VRFC 10-311] analyzing module FFT_r22_cnt_ctrl__parameterized2
INFO: [VRFC 10-311] analyzing module FFT_r22_flow_ctrl
INFO: [VRFC 10-311] analyzing module FFT_r22_memory
INFO: [VRFC 10-311] analyzing module FFT_r22_memory__parameterized0
INFO: [VRFC 10-311] analyzing module FFT_r22_memory__parameterized1
INFO: [VRFC 10-311] analyzing module FFT_r22_pe
INFO: [VRFC 10-311] analyzing module FFT_r22_pe__parameterized0
INFO: [VRFC 10-311] analyzing module FFT_r22_tw_gen
INFO: [VRFC 10-311] analyzing module FFT_r22_twos_comp_mux
INFO: [VRFC 10-311] analyzing module FFT_r22_twos_comp_mux__parameterized0
INFO: [VRFC 10-311] analyzing module FFT_r22_twos_comp_mux__parameterized1
INFO: [VRFC 10-311] analyzing module FFT_r22_twos_comp_mux__parameterized2
INFO: [VRFC 10-311] analyzing module FFT_renorm_and_round_logic
INFO: [VRFC 10-311] analyzing module FFT_renorm_and_round_logic_265
INFO: [VRFC 10-311] analyzing module FFT_shift_msb_first
INFO: [VRFC 10-311] analyzing module FFT_shift_msb_first_40
INFO: [VRFC 10-311] analyzing module FFT_shift_msb_first__parameterized0
INFO: [VRFC 10-311] analyzing module FFT_shift_msb_first__parameterized0_263
INFO: [VRFC 10-311] analyzing module FFT_shift_ram
INFO: [VRFC 10-311] analyzing module FFT_shift_ram_2
INFO: [VRFC 10-311] analyzing module FFT_shift_ram__parameterized0
INFO: [VRFC 10-311] analyzing module FFT_shift_ram__parameterized0_206
INFO: [VRFC 10-311] analyzing module FFT_shift_ram__parameterized0_248
INFO: [VRFC 10-311] analyzing module FFT_shift_ram__parameterized0_95
INFO: [VRFC 10-311] analyzing module FFT_shift_ram__parameterized0_96
INFO: [VRFC 10-311] analyzing module FFT_shift_ram__parameterized0_97
INFO: [VRFC 10-311] analyzing module FFT_shift_ram__parameterized0_99
INFO: [VRFC 10-311] analyzing module FFT_shift_ram__parameterized1
INFO: [VRFC 10-311] analyzing module FFT_shift_ram__parameterized10
INFO: [VRFC 10-311] analyzing module FFT_shift_ram__parameterized12
INFO: [VRFC 10-311] analyzing module FFT_shift_ram__parameterized13
INFO: [VRFC 10-311] analyzing module FFT_shift_ram__parameterized14
INFO: [VRFC 10-311] analyzing module FFT_shift_ram__parameterized15
INFO: [VRFC 10-311] analyzing module FFT_shift_ram__parameterized16
INFO: [VRFC 10-311] analyzing module FFT_shift_ram__parameterized19
INFO: [VRFC 10-311] analyzing module FFT_shift_ram__parameterized19_117
INFO: [VRFC 10-311] analyzing module FFT_shift_ram__parameterized19_128
INFO: [VRFC 10-311] analyzing module FFT_shift_ram__parameterized19_137
INFO: [VRFC 10-311] analyzing module FFT_shift_ram__parameterized19_152
INFO: [VRFC 10-311] analyzing module FFT_shift_ram__parameterized19_177
INFO: [VRFC 10-311] analyzing module FFT_shift_ram__parameterized2
INFO: [VRFC 10-311] analyzing module FFT_shift_ram__parameterized20
INFO: [VRFC 10-311] analyzing module FFT_shift_ram__parameterized21
INFO: [VRFC 10-311] analyzing module FFT_shift_ram__parameterized21_174
INFO: [VRFC 10-311] analyzing module FFT_shift_ram__parameterized22
INFO: [VRFC 10-311] analyzing module FFT_shift_ram__parameterized22_178
INFO: [VRFC 10-311] analyzing module FFT_shift_ram__parameterized23
INFO: [VRFC 10-311] analyzing module FFT_shift_ram__parameterized23_120
INFO: [VRFC 10-311] analyzing module FFT_shift_ram__parameterized23_125
INFO: [VRFC 10-311] analyzing module FFT_shift_ram__parameterized23_144
INFO: [VRFC 10-311] analyzing module FFT_shift_ram__parameterized23_149
INFO: [VRFC 10-311] analyzing module FFT_shift_ram__parameterized24
INFO: [VRFC 10-311] analyzing module FFT_shift_ram__parameterized25
INFO: [VRFC 10-311] analyzing module FFT_shift_ram__parameterized25_145
INFO: [VRFC 10-311] analyzing module FFT_shift_ram__parameterized25_150
INFO: [VRFC 10-311] analyzing module FFT_shift_ram__parameterized25_151
INFO: [VRFC 10-311] analyzing module FFT_shift_ram__parameterized26
INFO: [VRFC 10-311] analyzing module FFT_shift_ram__parameterized27
INFO: [VRFC 10-311] analyzing module FFT_shift_ram__parameterized28
INFO: [VRFC 10-311] analyzing module FFT_shift_ram__parameterized29
INFO: [VRFC 10-311] analyzing module FFT_shift_ram__parameterized2_100
INFO: [VRFC 10-311] analyzing module FFT_shift_ram__parameterized3
INFO: [VRFC 10-311] analyzing module FFT_shift_ram__parameterized30
INFO: [VRFC 10-311] analyzing module FFT_shift_ram__parameterized31
INFO: [VRFC 10-311] analyzing module FFT_shift_ram__parameterized34
INFO: [VRFC 10-311] analyzing module FFT_shift_ram__parameterized35
INFO: [VRFC 10-311] analyzing module FFT_shift_ram__parameterized35_134
INFO: [VRFC 10-311] analyzing module FFT_shift_ram__parameterized36
INFO: [VRFC 10-311] analyzing module FFT_shift_ram__parameterized36_138
INFO: [VRFC 10-311] analyzing module FFT_shift_ram__parameterized37
INFO: [VRFC 10-311] analyzing module FFT_shift_ram__parameterized38
INFO: [VRFC 10-311] analyzing module FFT_shift_ram__parameterized38_121
INFO: [VRFC 10-311] analyzing module FFT_shift_ram__parameterized38_126
INFO: [VRFC 10-311] analyzing module FFT_shift_ram__parameterized38_127
INFO: [VRFC 10-311] analyzing module FFT_shift_ram__parameterized39
INFO: [VRFC 10-311] analyzing module FFT_shift_ram__parameterized39_118
INFO: [VRFC 10-311] analyzing module FFT_shift_ram__parameterized4
INFO: [VRFC 10-311] analyzing module FFT_shift_ram__parameterized40
INFO: [VRFC 10-311] analyzing module FFT_shift_ram__parameterized42
INFO: [VRFC 10-311] analyzing module FFT_shift_ram__parameterized44
INFO: [VRFC 10-311] analyzing module FFT_shift_ram__parameterized47
INFO: [VRFC 10-311] analyzing module FFT_shift_ram__parameterized48
INFO: [VRFC 10-311] analyzing module FFT_shift_ram__parameterized49
INFO: [VRFC 10-311] analyzing module FFT_shift_ram__parameterized4_204
INFO: [VRFC 10-311] analyzing module FFT_shift_ram__parameterized4_245
INFO: [VRFC 10-311] analyzing module FFT_shift_ram__parameterized5
INFO: [VRFC 10-311] analyzing module FFT_shift_ram__parameterized50
INFO: [VRFC 10-311] analyzing module FFT_shift_ram__parameterized50_203
INFO: [VRFC 10-311] analyzing module FFT_shift_ram__parameterized50_240
INFO: [VRFC 10-311] analyzing module FFT_shift_ram__parameterized51
INFO: [VRFC 10-311] analyzing module FFT_shift_ram__parameterized53
INFO: [VRFC 10-311] analyzing module FFT_shift_ram__parameterized53_238
INFO: [VRFC 10-311] analyzing module FFT_shift_ram__parameterized54
INFO: [VRFC 10-311] analyzing module FFT_shift_ram__parameterized54_242
INFO: [VRFC 10-311] analyzing module FFT_shift_ram__parameterized55
INFO: [VRFC 10-311] analyzing module FFT_shift_ram__parameterized55_246
INFO: [VRFC 10-311] analyzing module FFT_shift_ram__parameterized56
INFO: [VRFC 10-311] analyzing module FFT_shift_ram__parameterized56_208
INFO: [VRFC 10-311] analyzing module FFT_shift_ram__parameterized56_250
INFO: [VRFC 10-311] analyzing module FFT_shift_ram__parameterized57
INFO: [VRFC 10-311] analyzing module FFT_shift_ram__parameterized57_115
INFO: [VRFC 10-311] analyzing module FFT_shift_ram__parameterized6
INFO: [VRFC 10-311] analyzing module FFT_shift_ram__parameterized7
INFO: [VRFC 10-311] analyzing module FFT_shift_ram__parameterized7_29
INFO: [VRFC 10-311] analyzing module FFT_shift_ram__parameterized8
INFO: [VRFC 10-311] analyzing module FFT_shift_ram__parameterized8_190
INFO: [VRFC 10-311] analyzing module FFT_shift_ram__parameterized9
INFO: [VRFC 10-311] analyzing module FFT_special_detect
INFO: [VRFC 10-311] analyzing module FFT_special_detect_43
INFO: [VRFC 10-311] analyzing module FFT_subtracter
INFO: [VRFC 10-311] analyzing module FFT_subtracter_32
INFO: [VRFC 10-311] analyzing module FFT_twgen_distmem
INFO: [VRFC 10-311] analyzing module FFT_twiddle_gen
INFO: [VRFC 10-311] analyzing module FFT_xbip_pipe_v3_0_6_viv
INFO: [VRFC 10-311] analyzing module FFT_xbip_pipe_v3_0_6_viv_212
INFO: [VRFC 10-311] analyzing module FFT_xbip_pipe_v3_0_6_viv_258
INFO: [VRFC 10-311] analyzing module FFT_xbip_pipe_v3_0_6_viv_38
INFO: [VRFC 10-311] analyzing module FFT_xbip_pipe_v3_0_6_viv__parameterized1
INFO: [VRFC 10-311] analyzing module FFT_xbip_pipe_v3_0_6_viv__parameterized11
INFO: [VRFC 10-311] analyzing module FFT_xbip_pipe_v3_0_6_viv__parameterized11_28
INFO: [VRFC 10-311] analyzing module FFT_xbip_pipe_v3_0_6_viv__parameterized11_55
INFO: [VRFC 10-311] analyzing module FFT_xbip_pipe_v3_0_6_viv__parameterized11_94
INFO: [VRFC 10-311] analyzing module FFT_xbip_pipe_v3_0_6_viv__parameterized13
INFO: [VRFC 10-311] analyzing module FFT_xbip_pipe_v3_0_6_viv__parameterized13_61
INFO: [VRFC 10-311] analyzing module FFT_xbip_pipe_v3_0_6_viv__parameterized15
INFO: [VRFC 10-311] analyzing module FFT_xbip_pipe_v3_0_6_viv__parameterized15_10
INFO: [VRFC 10-311] analyzing module FFT_xbip_pipe_v3_0_6_viv__parameterized15_60
INFO: [VRFC 10-311] analyzing module FFT_xbip_pipe_v3_0_6_viv__parameterized15_64
INFO: [VRFC 10-311] analyzing module FFT_xbip_pipe_v3_0_6_viv__parameterized1_11
INFO: [VRFC 10-311] analyzing module FFT_xbip_pipe_v3_0_6_viv__parameterized1_14
INFO: [VRFC 10-311] analyzing module FFT_xbip_pipe_v3_0_6_viv__parameterized1_221
INFO: [VRFC 10-311] analyzing module FFT_xbip_pipe_v3_0_6_viv__parameterized1_287
INFO: [VRFC 10-311] analyzing module FFT_xbip_pipe_v3_0_6_viv__parameterized1_56
INFO: [VRFC 10-311] analyzing module FFT_xbip_pipe_v3_0_6_viv__parameterized1_62
INFO: [VRFC 10-311] analyzing module FFT_xbip_pipe_v3_0_6_viv__parameterized1_65
INFO: [VRFC 10-311] analyzing module FFT_xbip_pipe_v3_0_6_viv__parameterized1_70
INFO: [VRFC 10-311] analyzing module FFT_xbip_pipe_v3_0_6_viv__parameterized1_9
INFO: [VRFC 10-311] analyzing module FFT_xbip_pipe_v3_0_6_viv__parameterized21
INFO: [VRFC 10-311] analyzing module FFT_xbip_pipe_v3_0_6_viv__parameterized21_17
INFO: [VRFC 10-311] analyzing module FFT_xbip_pipe_v3_0_6_viv__parameterized21_18
INFO: [VRFC 10-311] analyzing module FFT_xbip_pipe_v3_0_6_viv__parameterized21_78
INFO: [VRFC 10-311] analyzing module FFT_xbip_pipe_v3_0_6_viv__parameterized21_80
INFO: [VRFC 10-311] analyzing module FFT_xbip_pipe_v3_0_6_viv__parameterized21_81
INFO: [VRFC 10-311] analyzing module FFT_xbip_pipe_v3_0_6_viv__parameterized23
INFO: [VRFC 10-311] analyzing module FFT_xbip_pipe_v3_0_6_viv__parameterized23_232
INFO: [VRFC 10-311] analyzing module FFT_xbip_pipe_v3_0_6_viv__parameterized23_24
INFO: [VRFC 10-311] analyzing module FFT_xbip_pipe_v3_0_6_viv__parameterized23_302
INFO: [VRFC 10-311] analyzing module FFT_xbip_pipe_v3_0_6_viv__parameterized23_79
INFO: [VRFC 10-311] analyzing module FFT_xbip_pipe_v3_0_6_viv__parameterized23_90
INFO: [VRFC 10-311] analyzing module FFT_xbip_pipe_v3_0_6_viv__parameterized25
INFO: [VRFC 10-311] analyzing module FFT_xbip_pipe_v3_0_6_viv__parameterized25_23
INFO: [VRFC 10-311] analyzing module FFT_xbip_pipe_v3_0_6_viv__parameterized25_237
INFO: [VRFC 10-311] analyzing module FFT_xbip_pipe_v3_0_6_viv__parameterized25_307
INFO: [VRFC 10-311] analyzing module FFT_xbip_pipe_v3_0_6_viv__parameterized25_77
INFO: [VRFC 10-311] analyzing module FFT_xbip_pipe_v3_0_6_viv__parameterized25_88
INFO: [VRFC 10-311] analyzing module FFT_xbip_pipe_v3_0_6_viv__parameterized27
INFO: [VRFC 10-311] analyzing module FFT_xbip_pipe_v3_0_6_viv__parameterized27_25
INFO: [VRFC 10-311] analyzing module FFT_xbip_pipe_v3_0_6_viv__parameterized27_26
INFO: [VRFC 10-311] analyzing module FFT_xbip_pipe_v3_0_6_viv__parameterized27_89
INFO: [VRFC 10-311] analyzing module FFT_xbip_pipe_v3_0_6_viv__parameterized27_91
INFO: [VRFC 10-311] analyzing module FFT_xbip_pipe_v3_0_6_viv__parameterized27_92
INFO: [VRFC 10-311] analyzing module FFT_xbip_pipe_v3_0_6_viv__parameterized3
INFO: [VRFC 10-311] analyzing module FFT_xbip_pipe_v3_0_6_viv__parameterized31
INFO: [VRFC 10-311] analyzing module FFT_xbip_pipe_v3_0_6_viv__parameterized31_57
INFO: [VRFC 10-311] analyzing module FFT_xbip_pipe_v3_0_6_viv__parameterized35
INFO: [VRFC 10-311] analyzing module FFT_xbip_pipe_v3_0_6_viv__parameterized35_59
INFO: [VRFC 10-311] analyzing module FFT_xbip_pipe_v3_0_6_viv__parameterized39
INFO: [VRFC 10-311] analyzing module FFT_xbip_pipe_v3_0_6_viv__parameterized39_217
INFO: [VRFC 10-311] analyzing module FFT_xbip_pipe_v3_0_6_viv__parameterized39_218
INFO: [VRFC 10-311] analyzing module FFT_xbip_pipe_v3_0_6_viv__parameterized39_222
INFO: [VRFC 10-311] analyzing module FFT_xbip_pipe_v3_0_6_viv__parameterized39_267
INFO: [VRFC 10-311] analyzing module FFT_xbip_pipe_v3_0_6_viv__parameterized39_278
INFO: [VRFC 10-311] analyzing module FFT_xbip_pipe_v3_0_6_viv__parameterized39_279
INFO: [VRFC 10-311] analyzing module FFT_xbip_pipe_v3_0_6_viv__parameterized39_289
INFO: [VRFC 10-311] analyzing module FFT_xbip_pipe_v3_0_6_viv__parameterized3_63
INFO: [VRFC 10-311] analyzing module FFT_xbip_pipe_v3_0_6_viv__parameterized43
INFO: [VRFC 10-311] analyzing module FFT_xbip_pipe_v3_0_6_viv__parameterized43_234
INFO: [VRFC 10-311] analyzing module FFT_xbip_pipe_v3_0_6_viv__parameterized43_236
INFO: [VRFC 10-311] analyzing module FFT_xbip_pipe_v3_0_6_viv__parameterized43_286
INFO: [VRFC 10-311] analyzing module FFT_xbip_pipe_v3_0_6_viv__parameterized43_304
INFO: [VRFC 10-311] analyzing module FFT_xbip_pipe_v3_0_6_viv__parameterized43_306
INFO: [VRFC 10-311] analyzing module FFT_xbip_pipe_v3_0_6_viv__parameterized45
INFO: [VRFC 10-311] analyzing module FFT_xbip_pipe_v3_0_6_viv__parameterized45_284
INFO: [VRFC 10-311] analyzing module FFT_xbip_pipe_v3_0_6_viv__parameterized53
INFO: [VRFC 10-311] analyzing module FFT_xbip_pipe_v3_0_6_viv__parameterized53_313
INFO: [VRFC 10-311] analyzing module FFT_xbip_pipe_v3_0_6_viv__parameterized61
INFO: [VRFC 10-311] analyzing module FFT_xbip_pipe_v3_0_6_viv__parameterized61_214
INFO: [VRFC 10-311] analyzing module FFT_xbip_pipe_v3_0_6_viv__parameterized61_273
INFO: [VRFC 10-311] analyzing module FFT_xbip_pipe_v3_0_6_viv__parameterized61_275
INFO: [VRFC 10-311] analyzing module FFT_xbip_pipe_v3_0_6_viv__parameterized65
INFO: [VRFC 10-311] analyzing module FFT_xbip_pipe_v3_0_6_viv__parameterized65_312
INFO: [VRFC 10-311] analyzing module FFT_xbip_pipe_v3_0_6_viv__parameterized67
INFO: [VRFC 10-311] analyzing module FFT_xbip_pipe_v3_0_6_viv__parameterized67_311
INFO: [VRFC 10-311] analyzing module FFT_xbip_pipe_v3_0_6_viv__parameterized9
INFO: [VRFC 10-311] analyzing module FFT_xbip_pipe_v3_0_6_viv__parameterized9_13
INFO: [VRFC 10-311] analyzing module FFT_xbip_pipe_v3_0_6_viv__parameterized9_220
INFO: [VRFC 10-311] analyzing module FFT_xbip_pipe_v3_0_6_viv__parameterized9_229
INFO: [VRFC 10-311] analyzing module FFT_xbip_pipe_v3_0_6_viv__parameterized9_231
INFO: [VRFC 10-311] analyzing module FFT_xbip_pipe_v3_0_6_viv__parameterized9_285
INFO: [VRFC 10-311] analyzing module FFT_xbip_pipe_v3_0_6_viv__parameterized9_299
INFO: [VRFC 10-311] analyzing module FFT_xbip_pipe_v3_0_6_viv__parameterized9_301
INFO: [VRFC 10-311] analyzing module FFT_xbip_pipe_v3_0_6_viv__parameterized9_68
INFO: [VRFC 10-311] analyzing module FFT_xbip_pipe_v3_0_6_viv__parameterized9_69
INFO: [VRFC 10-311] analyzing module FFT_xfft_v9_1_9
INFO: [VRFC 10-311] analyzing module FFT_xfft_v9_1_9_core
INFO: [VRFC 10-311] analyzing module FFT_xfft_v9_1_9_core__parameterized1
INFO: [VRFC 10-311] analyzing module FFT_xfft_v9_1_9_d
INFO: [VRFC 10-311] analyzing module FFT_xfft_v9_1_9_fp
INFO: [VRFC 10-311] analyzing module FFT_xfft_v9_1_9_mux_bus2
INFO: [VRFC 10-311] analyzing module FFT_xfft_v9_1_9_mux_bus2_175
INFO: [VRFC 10-311] analyzing module FFT_xfft_v9_1_9_mux_bus2__parameterized0
INFO: [VRFC 10-311] analyzing module FFT_xfft_v9_1_9_mux_bus2__parameterized0_176
INFO: [VRFC 10-311] analyzing module FFT_xfft_v9_1_9_mux_bus2__parameterized1
INFO: [VRFC 10-311] analyzing module FFT_xfft_v9_1_9_mux_bus2__parameterized1_146
INFO: [VRFC 10-311] analyzing module FFT_xfft_v9_1_9_mux_bus2__parameterized1_147
INFO: [VRFC 10-311] analyzing module FFT_xfft_v9_1_9_mux_bus2__parameterized1_148
INFO: [VRFC 10-311] analyzing module FFT_xfft_v9_1_9_mux_bus2__parameterized2
INFO: [VRFC 10-311] analyzing module FFT_xfft_v9_1_9_mux_bus2__parameterized2_135
INFO: [VRFC 10-311] analyzing module FFT_xfft_v9_1_9_mux_bus2__parameterized3
INFO: [VRFC 10-311] analyzing module FFT_xfft_v9_1_9_mux_bus2__parameterized3_136
INFO: [VRFC 10-311] analyzing module FFT_xfft_v9_1_9_mux_bus2__parameterized4
INFO: [VRFC 10-311] analyzing module FFT_xfft_v9_1_9_mux_bus2__parameterized4_122
INFO: [VRFC 10-311] analyzing module FFT_xfft_v9_1_9_mux_bus2__parameterized4_123
INFO: [VRFC 10-311] analyzing module FFT_xfft_v9_1_9_mux_bus2__parameterized4_124
INFO: [VRFC 10-311] analyzing module FFT_xfft_v9_1_9_viv
INFO: [VRFC 10-311] analyzing module FFT_zero_det_sel
INFO: [VRFC 10-311] analyzing module FFT_zero_det_sel_41
INFO: [VRFC 10-311] analyzing module glbl
INFO: [VRFC 10-2263] Analyzing Verilog file "C:/Codes/Verilog/fft_block/fft_block.srcs/sources_1/new/top_wrapper.v" into library xil_defaultlib
INFO: [VRFC 10-311] analyzing module top_wrapper
INFO: [VRFC 10-2263] Analyzing Verilog file "C:/Codes/Verilog/fft_block/fft_block.srcs/sim_1/new/tb_fft.v" into library xil_defaultlib
INFO: [VRFC 10-311] analyzing module tb_FFT
