Copyright 1986-2022 Xilinx, Inc. All Rights Reserved. Copyright 2022-2023 Advanced Micro Devices, Inc. All Rights Reserved.
------------------------------------------------------------------------------------------------------------------------------------------------------------------------------------------------------------------------------
| Tool Version : Vivado v.2023.1 (win64) Build 3865809 Sun May  7 15:05:29 MDT 2023
| Date         : Tue Dec  5 12:31:34 2023
| Host         : LAPTOP-BA9EVQUE running 64-bit major release  (build 9200)
| Command      : report_timing_summary -max_paths 10 -report_unconstrained -file top_wrapper_timing_summary_routed.rpt -pb top_wrapper_timing_summary_routed.pb -rpx top_wrapper_timing_summary_routed.rpx -warn_on_violation
| Design       : top_wrapper
| Device       : 7z007s-clg400
| Speed File   : -1  PRODUCTION 1.12 2019-11-22
| Design State : Routed
------------------------------------------------------------------------------------------------------------------------------------------------------------------------------------------------------------------------------

Timing Summary Report

------------------------------------------------------------------------------------------------
| Timer Settings
| --------------
------------------------------------------------------------------------------------------------

  Enable Multi Corner Analysis               :  Yes
  Enable Pessimism Removal                   :  Yes
  Pessimism Removal Resolution               :  Nearest Common Node
  Enable Input Delay Default Clock           :  No
  Enable Preset / Clear Arcs                 :  No
  Disable Flight Delays                      :  No
  Ignore I/O Paths                           :  No
  Timing Early Launch at Borrowing Latches   :  No
  Borrow Time for Max Delay Exceptions       :  Yes
  Merge Timing Exceptions                    :  Yes

  Corner  Analyze    Analyze    
  Name    Max Paths  Min Paths  
  ------  ---------  ---------  
  Slow    Yes        Yes        
  Fast    Yes        Yes        


------------------------------------------------------------------------------------------------
| Report Methodology
| ------------------
------------------------------------------------------------------------------------------------

Rule       Severity          Description                  Violations  
---------  ----------------  ---------------------------  ----------  
TIMING-17  Critical Warning  Non-clocked sequential cell  1000        
RTGT-1     Advisory          RAM retargeting possibility  2           

Note: This report is based on the most recent report_methodology run and may not be up-to-date. Run report_methodology on the current design for the latest report.



check_timing report

Table of Contents
-----------------
1. checking no_clock (4151)
2. checking constant_clock (0)
3. checking pulse_width_clock (0)
4. checking unconstrained_internal_endpoints (10071)
5. checking no_input_delay (37)
6. checking no_output_delay (36)
7. checking multiple_clock (0)
8. checking generated_clocks (0)
9. checking loops (0)
10. checking partial_input_delay (0)
11. checking partial_output_delay (0)
12. checking latch_loops (0)

1. checking no_clock (4151)
---------------------------
 There are 4151 register/latch pins with no clock driven by root clock pin: aclk (HIGH)


2. checking constant_clock (0)
------------------------------
 There are 0 register/latch pins with constant_clock.


3. checking pulse_width_clock (0)
---------------------------------
 There are 0 register/latch pins which need pulse_width check


4. checking unconstrained_internal_endpoints (10071)
----------------------------------------------------
 There are 10071 pins that are not constrained for maximum delay. (HIGH)

 There are 0 pins that are not constrained for maximum delay due to constant clock.


5. checking no_input_delay (37)
-------------------------------
 There are 37 input ports with no input delay specified. (HIGH)

 There are 0 input ports with no input delay but user has a false path constraint.


6. checking no_output_delay (36)
--------------------------------
 There are 36 ports with no output delay specified. (HIGH)

 There are 0 ports with no output delay but user has a false path constraint

 There are 0 ports with no output delay but with a timing clock defined on it or propagating through it


7. checking multiple_clock (0)
------------------------------
 There are 0 register/latch pins with multiple clocks.


8. checking generated_clocks (0)
--------------------------------
 There are 0 generated clocks that are not connected to a clock source.


9. checking loops (0)
---------------------
 There are 0 combinational loops in the design.


10. checking partial_input_delay (0)
------------------------------------
 There are 0 input ports with partial input delay specified.


11. checking partial_output_delay (0)
-------------------------------------
 There are 0 ports with partial output delay specified.


12. checking latch_loops (0)
----------------------------
 There are 0 combinational latch loops in the design through latch input



------------------------------------------------------------------------------------------------
| Design Timing Summary
| ---------------------
------------------------------------------------------------------------------------------------

    WNS(ns)      TNS(ns)  TNS Failing Endpoints  TNS Total Endpoints      WHS(ns)      THS(ns)  THS Failing Endpoints  THS Total Endpoints     WPWS(ns)     TPWS(ns)  TPWS Failing Endpoints  TPWS Total Endpoints  
    -------      -------  ---------------------  -------------------      -------      -------  ---------------------  -------------------     --------     --------  ----------------------  --------------------  
        inf        0.000                      0                10107          inf        0.000                      0                10107           NA           NA                      NA                    NA  


There are no user specified timing constraints.


------------------------------------------------------------------------------------------------
| Clock Summary
| -------------
------------------------------------------------------------------------------------------------


------------------------------------------------------------------------------------------------
| Intra Clock Table
| -----------------
------------------------------------------------------------------------------------------------

Clock             WNS(ns)      TNS(ns)  TNS Failing Endpoints  TNS Total Endpoints      WHS(ns)      THS(ns)  THS Failing Endpoints  THS Total Endpoints     WPWS(ns)     TPWS(ns)  TPWS Failing Endpoints  TPWS Total Endpoints  
-----             -------      -------  ---------------------  -------------------      -------      -------  ---------------------  -------------------     --------     --------  ----------------------  --------------------  


------------------------------------------------------------------------------------------------
| Inter Clock Table
| -----------------
------------------------------------------------------------------------------------------------

From Clock    To Clock          WNS(ns)      TNS(ns)  TNS Failing Endpoints  TNS Total Endpoints      WHS(ns)      THS(ns)  THS Failing Endpoints  THS Total Endpoints  
----------    --------          -------      -------  ---------------------  -------------------      -------      -------  ---------------------  -------------------  


------------------------------------------------------------------------------------------------
| Other Path Groups Table
| -----------------------
------------------------------------------------------------------------------------------------

Path Group    From Clock    To Clock          WNS(ns)      TNS(ns)  TNS Failing Endpoints  TNS Total Endpoints      WHS(ns)      THS(ns)  THS Failing Endpoints  THS Total Endpoints  
----------    ----------    --------          -------      -------  ---------------------  -------------------      -------      -------  ---------------------  -------------------  


------------------------------------------------------------------------------------------------
| User Ignored Path Table
| -----------------------
------------------------------------------------------------------------------------------------

Path Group    From Clock    To Clock    
----------    ----------    --------    


------------------------------------------------------------------------------------------------
| Unconstrained Path Table
| ------------------------
------------------------------------------------------------------------------------------------

Path Group    From Clock    To Clock    
----------    ----------    --------    
(none)                                    


------------------------------------------------------------------------------------------------
| Timing Details
| --------------
------------------------------------------------------------------------------------------------


--------------------------------------------------------------------------------------
Path Group:  (none)
From Clock:  
  To Clock:  

Max Delay         10107 Endpoints
Min Delay         10107 Endpoints
--------------------------------------------------------------------------------------


Max Delay Paths
--------------------------------------------------------------------------------------
Slack:                    inf
  Source:                 FFT/U0/i_synth/axi_wrapper/gen_ce_non_real_time.ce_predicted_reg/C
                            (rising edge-triggered cell FDRE)
  Destination:            FFT/U0/i_synth/xfft_inst/floating_point.xfft_inst/imag_to_bfp/fpo/FLT_TO_FIX_OP.SPD.OP/ALIGN_SHIFT/MUX_LOOP[0].DEL_SHIFT/i_pipe/opt_has_pipe.first_q_reg[0]/CE
  Path Group:             (none)
  Path Type:              Max at Slow Process Corner
  Data Path Delay:        7.933ns  (logic 0.419ns (5.282%)  route 7.514ns (94.718%))
  Logic Levels:           1  (FDRE=1)

    Location             Delay type                Incr(ns)  Path(ns)    Netlist Resource(s)
  -------------------------------------------------------------------    -------------------
    SLICE_X41Y38         FDRE                         0.000     0.000 r  FFT/U0/i_synth/axi_wrapper/gen_ce_non_real_time.ce_predicted_reg/C
    SLICE_X41Y38         FDRE (Prop_fdre_C_Q)         0.419     0.419 r  FFT/U0/i_synth/axi_wrapper/gen_ce_non_real_time.ce_predicted_reg/Q
                         net (fo=3736, routed)        7.514     7.933    FFT/U0/i_synth/xfft_inst/floating_point.xfft_inst/imag_to_bfp/fpo/FLT_TO_FIX_OP.SPD.OP/ALIGN_SHIFT/MUX_LOOP[0].DEL_SHIFT/i_pipe/aclken
    SLICE_X23Y23         FDRE                                         r  FFT/U0/i_synth/xfft_inst/floating_point.xfft_inst/imag_to_bfp/fpo/FLT_TO_FIX_OP.SPD.OP/ALIGN_SHIFT/MUX_LOOP[0].DEL_SHIFT/i_pipe/opt_has_pipe.first_q_reg[0]/CE
  -------------------------------------------------------------------    -------------------

Slack:                    inf
  Source:                 FFT/U0/i_synth/axi_wrapper/gen_ce_non_real_time.ce_predicted_reg/C
                            (rising edge-triggered cell FDRE)
  Destination:            FFT/U0/i_synth/xfft_inst/floating_point.xfft_inst/imag_to_bfp/fpo/FLT_TO_FIX_OP.SPD.OP/ALIGN_SHIFT/MUX_LOOP[0].DEL_SHIFT/i_pipe/opt_has_pipe.first_q_reg[1]/CE
  Path Group:             (none)
  Path Type:              Max at Slow Process Corner
  Data Path Delay:        7.933ns  (logic 0.419ns (5.282%)  route 7.514ns (94.718%))
  Logic Levels:           1  (FDRE=1)

    Location             Delay type                Incr(ns)  Path(ns)    Netlist Resource(s)
  -------------------------------------------------------------------    -------------------
    SLICE_X41Y38         FDRE                         0.000     0.000 r  FFT/U0/i_synth/axi_wrapper/gen_ce_non_real_time.ce_predicted_reg/C
    SLICE_X41Y38         FDRE (Prop_fdre_C_Q)         0.419     0.419 r  FFT/U0/i_synth/axi_wrapper/gen_ce_non_real_time.ce_predicted_reg/Q
                         net (fo=3736, routed)        7.514     7.933    FFT/U0/i_synth/xfft_inst/floating_point.xfft_inst/imag_to_bfp/fpo/FLT_TO_FIX_OP.SPD.OP/ALIGN_SHIFT/MUX_LOOP[0].DEL_SHIFT/i_pipe/aclken
    SLICE_X23Y23         FDRE                                         r  FFT/U0/i_synth/xfft_inst/floating_point.xfft_inst/imag_to_bfp/fpo/FLT_TO_FIX_OP.SPD.OP/ALIGN_SHIFT/MUX_LOOP[0].DEL_SHIFT/i_pipe/opt_has_pipe.first_q_reg[1]/CE
  -------------------------------------------------------------------    -------------------

Slack:                    inf
  Source:                 FFT/U0/i_synth/axi_wrapper/gen_ce_non_real_time.ce_predicted_reg/C
                            (rising edge-triggered cell FDRE)
  Destination:            FFT/U0/i_synth/xfft_inst/floating_point.xfft_inst/imag_to_bfp/fpo/FLT_TO_FIX_OP.SPD.OP/ALIGN_Z_D/MUX_LOOP[0].DEL_Z_D/i_pipe/opt_has_pipe.first_q_reg[3]/CE
  Path Group:             (none)
  Path Type:              Max at Slow Process Corner
  Data Path Delay:        7.933ns  (logic 0.419ns (5.282%)  route 7.514ns (94.718%))
  Logic Levels:           1  (FDRE=1)

    Location             Delay type                Incr(ns)  Path(ns)    Netlist Resource(s)
  -------------------------------------------------------------------    -------------------
    SLICE_X41Y38         FDRE                         0.000     0.000 r  FFT/U0/i_synth/axi_wrapper/gen_ce_non_real_time.ce_predicted_reg/C
    SLICE_X41Y38         FDRE (Prop_fdre_C_Q)         0.419     0.419 r  FFT/U0/i_synth/axi_wrapper/gen_ce_non_real_time.ce_predicted_reg/Q
                         net (fo=3736, routed)        7.514     7.933    FFT/U0/i_synth/xfft_inst/floating_point.xfft_inst/imag_to_bfp/fpo/FLT_TO_FIX_OP.SPD.OP/ALIGN_Z_D/MUX_LOOP[0].DEL_Z_D/i_pipe/aclken
    SLICE_X23Y23         FDRE                                         r  FFT/U0/i_synth/xfft_inst/floating_point.xfft_inst/imag_to_bfp/fpo/FLT_TO_FIX_OP.SPD.OP/ALIGN_Z_D/MUX_LOOP[0].DEL_Z_D/i_pipe/opt_has_pipe.first_q_reg[3]/CE
  -------------------------------------------------------------------    -------------------

Slack:                    inf
  Source:                 FFT/U0/i_synth/axi_wrapper/gen_ce_non_real_time.ce_predicted_reg/C
                            (rising edge-triggered cell FDRE)
  Destination:            FFT/U0/i_synth/xfft_inst/floating_point.xfft_inst/imag_to_bfp/fpo/FLT_TO_FIX_OP.SPD.OP/MANT_P0_REG/i_pipe/opt_has_pipe.first_q_reg[12]/CE
  Path Group:             (none)
  Path Type:              Max at Slow Process Corner
  Data Path Delay:        7.933ns  (logic 0.419ns (5.282%)  route 7.514ns (94.718%))
  Logic Levels:           1  (FDRE=1)

    Location             Delay type                Incr(ns)  Path(ns)    Netlist Resource(s)
  -------------------------------------------------------------------    -------------------
    SLICE_X41Y38         FDRE                         0.000     0.000 r  FFT/U0/i_synth/axi_wrapper/gen_ce_non_real_time.ce_predicted_reg/C
    SLICE_X41Y38         FDRE (Prop_fdre_C_Q)         0.419     0.419 r  FFT/U0/i_synth/axi_wrapper/gen_ce_non_real_time.ce_predicted_reg/Q
                         net (fo=3736, routed)        7.514     7.933    FFT/U0/i_synth/xfft_inst/floating_point.xfft_inst/imag_to_bfp/fpo/FLT_TO_FIX_OP.SPD.OP/MANT_P0_REG/i_pipe/aclken
    SLICE_X23Y23         FDRE                                         r  FFT/U0/i_synth/xfft_inst/floating_point.xfft_inst/imag_to_bfp/fpo/FLT_TO_FIX_OP.SPD.OP/MANT_P0_REG/i_pipe/opt_has_pipe.first_q_reg[12]/CE
  -------------------------------------------------------------------    -------------------

Slack:                    inf
  Source:                 FFT/U0/i_synth/axi_wrapper/gen_ce_non_real_time.ce_predicted_reg/C
                            (rising edge-triggered cell FDRE)
  Destination:            FFT/U0/i_synth/xfft_inst/floating_point.xfft_inst/imag_to_bfp/fpo/FLT_TO_FIX_OP.SPD.OP/MANT_P0_REG/i_pipe/opt_has_pipe.first_q_reg[13]/CE
  Path Group:             (none)
  Path Type:              Max at Slow Process Corner
  Data Path Delay:        7.933ns  (logic 0.419ns (5.282%)  route 7.514ns (94.718%))
  Logic Levels:           1  (FDRE=1)

    Location             Delay type                Incr(ns)  Path(ns)    Netlist Resource(s)
  -------------------------------------------------------------------    -------------------
    SLICE_X41Y38         FDRE                         0.000     0.000 r  FFT/U0/i_synth/axi_wrapper/gen_ce_non_real_time.ce_predicted_reg/C
    SLICE_X41Y38         FDRE (Prop_fdre_C_Q)         0.419     0.419 r  FFT/U0/i_synth/axi_wrapper/gen_ce_non_real_time.ce_predicted_reg/Q
                         net (fo=3736, routed)        7.514     7.933    FFT/U0/i_synth/xfft_inst/floating_point.xfft_inst/imag_to_bfp/fpo/FLT_TO_FIX_OP.SPD.OP/MANT_P0_REG/i_pipe/aclken
    SLICE_X23Y23         FDRE                                         r  FFT/U0/i_synth/xfft_inst/floating_point.xfft_inst/imag_to_bfp/fpo/FLT_TO_FIX_OP.SPD.OP/MANT_P0_REG/i_pipe/opt_has_pipe.first_q_reg[13]/CE
  -------------------------------------------------------------------    -------------------

Slack:                    inf
  Source:                 FFT/U0/i_synth/axi_wrapper/gen_ce_non_real_time.ce_predicted_reg/C
                            (rising edge-triggered cell FDRE)
  Destination:            FFT/U0/i_synth/xfft_inst/floating_point.xfft_inst/imag_to_bfp/fpo/FLT_TO_FIX_OP.SPD.OP/MANT_P0_REG/i_pipe/opt_has_pipe.first_q_reg[14]/CE
  Path Group:             (none)
  Path Type:              Max at Slow Process Corner
  Data Path Delay:        7.933ns  (logic 0.419ns (5.282%)  route 7.514ns (94.718%))
  Logic Levels:           1  (FDRE=1)

    Location             Delay type                Incr(ns)  Path(ns)    Netlist Resource(s)
  -------------------------------------------------------------------    -------------------
    SLICE_X41Y38         FDRE                         0.000     0.000 r  FFT/U0/i_synth/axi_wrapper/gen_ce_non_real_time.ce_predicted_reg/C
    SLICE_X41Y38         FDRE (Prop_fdre_C_Q)         0.419     0.419 r  FFT/U0/i_synth/axi_wrapper/gen_ce_non_real_time.ce_predicted_reg/Q
                         net (fo=3736, routed)        7.514     7.933    FFT/U0/i_synth/xfft_inst/floating_point.xfft_inst/imag_to_bfp/fpo/FLT_TO_FIX_OP.SPD.OP/MANT_P0_REG/i_pipe/aclken
    SLICE_X23Y23         FDRE                                         r  FFT/U0/i_synth/xfft_inst/floating_point.xfft_inst/imag_to_bfp/fpo/FLT_TO_FIX_OP.SPD.OP/MANT_P0_REG/i_pipe/opt_has_pipe.first_q_reg[14]/CE
  -------------------------------------------------------------------    -------------------

Slack:                    inf
  Source:                 FFT/U0/i_synth/axi_wrapper/gen_ce_non_real_time.ce_predicted_reg/C
                            (rising edge-triggered cell FDRE)
  Destination:            FFT/U0/i_synth/xfft_inst/floating_point.xfft_inst/imag_to_bfp/fpo/FLT_TO_FIX_OP.SPD.OP/MANT_P0_REG/i_pipe/opt_has_pipe.first_q_reg[15]/CE
  Path Group:             (none)
  Path Type:              Max at Slow Process Corner
  Data Path Delay:        7.933ns  (logic 0.419ns (5.282%)  route 7.514ns (94.718%))
  Logic Levels:           1  (FDRE=1)

    Location             Delay type                Incr(ns)  Path(ns)    Netlist Resource(s)
  -------------------------------------------------------------------    -------------------
    SLICE_X41Y38         FDRE                         0.000     0.000 r  FFT/U0/i_synth/axi_wrapper/gen_ce_non_real_time.ce_predicted_reg/C
    SLICE_X41Y38         FDRE (Prop_fdre_C_Q)         0.419     0.419 r  FFT/U0/i_synth/axi_wrapper/gen_ce_non_real_time.ce_predicted_reg/Q
                         net (fo=3736, routed)        7.514     7.933    FFT/U0/i_synth/xfft_inst/floating_point.xfft_inst/imag_to_bfp/fpo/FLT_TO_FIX_OP.SPD.OP/MANT_P0_REG/i_pipe/aclken
    SLICE_X23Y23         FDRE                                         r  FFT/U0/i_synth/xfft_inst/floating_point.xfft_inst/imag_to_bfp/fpo/FLT_TO_FIX_OP.SPD.OP/MANT_P0_REG/i_pipe/opt_has_pipe.first_q_reg[15]/CE
  -------------------------------------------------------------------    -------------------

Slack:                    inf
  Source:                 FFT/U0/i_synth/axi_wrapper/gen_ce_non_real_time.ce_predicted_reg/C
                            (rising edge-triggered cell FDRE)
  Destination:            FFT/U0/i_synth/xfft_inst/floating_point.xfft_inst/imag_to_bfp/fpo/FLT_TO_FIX_OP.SPD.OP/ALIGN_Z_D/MUX_LOOP[0].DEL_Z_D/i_pipe/opt_has_pipe.first_q_reg[4]/CE
  Path Group:             (none)
  Path Type:              Max at Slow Process Corner
  Data Path Delay:        7.793ns  (logic 0.419ns (5.377%)  route 7.374ns (94.623%))
  Logic Levels:           1  (FDRE=1)

    Location             Delay type                Incr(ns)  Path(ns)    Netlist Resource(s)
  -------------------------------------------------------------------    -------------------
    SLICE_X41Y38         FDRE                         0.000     0.000 r  FFT/U0/i_synth/axi_wrapper/gen_ce_non_real_time.ce_predicted_reg/C
    SLICE_X41Y38         FDRE (Prop_fdre_C_Q)         0.419     0.419 r  FFT/U0/i_synth/axi_wrapper/gen_ce_non_real_time.ce_predicted_reg/Q
                         net (fo=3736, routed)        7.374     7.793    FFT/U0/i_synth/xfft_inst/floating_point.xfft_inst/imag_to_bfp/fpo/FLT_TO_FIX_OP.SPD.OP/ALIGN_Z_D/MUX_LOOP[0].DEL_Z_D/i_pipe/aclken
    SLICE_X22Y24         FDRE                                         r  FFT/U0/i_synth/xfft_inst/floating_point.xfft_inst/imag_to_bfp/fpo/FLT_TO_FIX_OP.SPD.OP/ALIGN_Z_D/MUX_LOOP[0].DEL_Z_D/i_pipe/opt_has_pipe.first_q_reg[4]/CE
  -------------------------------------------------------------------    -------------------

Slack:                    inf
  Source:                 FFT/U0/i_synth/axi_wrapper/gen_ce_non_real_time.ce_predicted_reg/C
                            (rising edge-triggered cell FDRE)
  Destination:            FFT/U0/i_synth/xfft_inst/floating_point.xfft_inst/imag_to_bfp/fpo/FLT_TO_FIX_OP.SPD.OP/ALIGN_Z_D/MUX_LOOP[1].DEL_Z_D/i_pipe/opt_has_pipe.first_q_reg[0]/CE
  Path Group:             (none)
  Path Type:              Max at Slow Process Corner
  Data Path Delay:        7.793ns  (logic 0.419ns (5.377%)  route 7.374ns (94.623%))
  Logic Levels:           1  (FDRE=1)

    Location             Delay type                Incr(ns)  Path(ns)    Netlist Resource(s)
  -------------------------------------------------------------------    -------------------
    SLICE_X41Y38         FDRE                         0.000     0.000 r  FFT/U0/i_synth/axi_wrapper/gen_ce_non_real_time.ce_predicted_reg/C
    SLICE_X41Y38         FDRE (Prop_fdre_C_Q)         0.419     0.419 r  FFT/U0/i_synth/axi_wrapper/gen_ce_non_real_time.ce_predicted_reg/Q
                         net (fo=3736, routed)        7.374     7.793    FFT/U0/i_synth/xfft_inst/floating_point.xfft_inst/imag_to_bfp/fpo/FLT_TO_FIX_OP.SPD.OP/ALIGN_Z_D/MUX_LOOP[1].DEL_Z_D/i_pipe/aclken
    SLICE_X22Y24         FDRE                                         r  FFT/U0/i_synth/xfft_inst/floating_point.xfft_inst/imag_to_bfp/fpo/FLT_TO_FIX_OP.SPD.OP/ALIGN_Z_D/MUX_LOOP[1].DEL_Z_D/i_pipe/opt_has_pipe.first_q_reg[0]/CE
  -------------------------------------------------------------------    -------------------

Slack:                    inf
  Source:                 FFT/U0/i_synth/axi_wrapper/gen_ce_non_real_time.ce_predicted_reg/C
                            (rising edge-triggered cell FDRE)
  Destination:            FFT/U0/i_synth/xfft_inst/floating_point.xfft_inst/imag_to_bfp/fpo/FLT_TO_FIX_OP.SPD.OP/ALIGN_Z_D/MUX_LOOP[1].DEL_Z_D/i_pipe/opt_has_pipe.first_q_reg[1]/CE
  Path Group:             (none)
  Path Type:              Max at Slow Process Corner
  Data Path Delay:        7.793ns  (logic 0.419ns (5.377%)  route 7.374ns (94.623%))
  Logic Levels:           1  (FDRE=1)

    Location             Delay type                Incr(ns)  Path(ns)    Netlist Resource(s)
  -------------------------------------------------------------------    -------------------
    SLICE_X41Y38         FDRE                         0.000     0.000 r  FFT/U0/i_synth/axi_wrapper/gen_ce_non_real_time.ce_predicted_reg/C
    SLICE_X41Y38         FDRE (Prop_fdre_C_Q)         0.419     0.419 r  FFT/U0/i_synth/axi_wrapper/gen_ce_non_real_time.ce_predicted_reg/Q
                         net (fo=3736, routed)        7.374     7.793    FFT/U0/i_synth/xfft_inst/floating_point.xfft_inst/imag_to_bfp/fpo/FLT_TO_FIX_OP.SPD.OP/ALIGN_Z_D/MUX_LOOP[1].DEL_Z_D/i_pipe/aclken
    SLICE_X22Y24         FDRE                                         r  FFT/U0/i_synth/xfft_inst/floating_point.xfft_inst/imag_to_bfp/fpo/FLT_TO_FIX_OP.SPD.OP/ALIGN_Z_D/MUX_LOOP[1].DEL_Z_D/i_pipe/opt_has_pipe.first_q_reg[1]/CE
  -------------------------------------------------------------------    -------------------





Min Delay Paths
--------------------------------------------------------------------------------------
Slack:                    inf
  Source:                 FFT/U0/i_synth/xfft_inst/floating_point.xfft_inst/fft/non_floating_point.arch_d.xfft_inst/pe_gen[0].natural_order_input.PE/has_TW_mult.MULT/i_cmpy/four_mult_structure.use_dsp.i_dsp/re_im/use_DSP48.qDSP[0].appDSP[0].bppDSP[0].u_l[1].use_dsp48e1.dsp/ACOUT[0]
                            (internal pin)
  Destination:            FFT/U0/i_synth/xfft_inst/floating_point.xfft_inst/fft/non_floating_point.arch_d.xfft_inst/pe_gen[0].natural_order_input.PE/has_TW_mult.MULT/i_cmpy/four_mult_structure.use_dsp.i_dsp/re_im/use_DSP48.qDSP[0].appDSP[0].bppDSP[1].u_l[0].use_dsp48e1.dsp/ACIN[0]
  Path Group:             (none)
  Path Type:              Min at Slow Process Corner
  Data Path Delay:        0.002ns  (logic 0.000ns (0.000%)  route 0.002ns (100.000%))
  Logic Levels:           0  

    Location             Delay type                Incr(ns)  Path(ns)    Netlist Resource(s)
  -------------------------------------------------------------------    -------------------
    DSP48_X1Y15          DSP48E1                      0.000     0.000 r  FFT/U0/i_synth/xfft_inst/floating_point.xfft_inst/fft/non_floating_point.arch_d.xfft_inst/pe_gen[0].natural_order_input.PE/has_TW_mult.MULT/i_cmpy/four_mult_structure.use_dsp.i_dsp/re_im/use_DSP48.qDSP[0].appDSP[0].bppDSP[0].u_l[1].use_dsp48e1.dsp/ACOUT[0]
                         net (fo=1, routed)           0.002     0.002    FFT/U0/i_synth/xfft_inst/floating_point.xfft_inst/fft/non_floating_point.arch_d.xfft_inst/pe_gen[0].natural_order_input.PE/has_TW_mult.MULT/i_cmpy/four_mult_structure.use_dsp.i_dsp/re_im/acout[0][0,0][1]_4[0]
    DSP48_X1Y16          DSP48E1                                      r  FFT/U0/i_synth/xfft_inst/floating_point.xfft_inst/fft/non_floating_point.arch_d.xfft_inst/pe_gen[0].natural_order_input.PE/has_TW_mult.MULT/i_cmpy/four_mult_structure.use_dsp.i_dsp/re_im/use_DSP48.qDSP[0].appDSP[0].bppDSP[1].u_l[0].use_dsp48e1.dsp/ACIN[0]
  -------------------------------------------------------------------    -------------------

Slack:                    inf
  Source:                 FFT/U0/i_synth/xfft_inst/floating_point.xfft_inst/fft/non_floating_point.arch_d.xfft_inst/pe_gen[0].natural_order_input.PE/has_TW_mult.MULT/i_cmpy/four_mult_structure.use_dsp.i_dsp/re_im/use_DSP48.qDSP[0].appDSP[0].bppDSP[0].u_l[1].use_dsp48e1.dsp/ACOUT[10]
                            (internal pin)
  Destination:            FFT/U0/i_synth/xfft_inst/floating_point.xfft_inst/fft/non_floating_point.arch_d.xfft_inst/pe_gen[0].natural_order_input.PE/has_TW_mult.MULT/i_cmpy/four_mult_structure.use_dsp.i_dsp/re_im/use_DSP48.qDSP[0].appDSP[0].bppDSP[1].u_l[0].use_dsp48e1.dsp/ACIN[10]
  Path Group:             (none)
  Path Type:              Min at Slow Process Corner
  Data Path Delay:        0.002ns  (logic 0.000ns (0.000%)  route 0.002ns (100.000%))
  Logic Levels:           0  

    Location             Delay type                Incr(ns)  Path(ns)    Netlist Resource(s)
  -------------------------------------------------------------------    -------------------
    DSP48_X1Y15          DSP48E1                      0.000     0.000 r  FFT/U0/i_synth/xfft_inst/floating_point.xfft_inst/fft/non_floating_point.arch_d.xfft_inst/pe_gen[0].natural_order_input.PE/has_TW_mult.MULT/i_cmpy/four_mult_structure.use_dsp.i_dsp/re_im/use_DSP48.qDSP[0].appDSP[0].bppDSP[0].u_l[1].use_dsp48e1.dsp/ACOUT[10]
                         net (fo=1, routed)           0.002     0.002    FFT/U0/i_synth/xfft_inst/floating_point.xfft_inst/fft/non_floating_point.arch_d.xfft_inst/pe_gen[0].natural_order_input.PE/has_TW_mult.MULT/i_cmpy/four_mult_structure.use_dsp.i_dsp/re_im/acout[0][0,0][1]_4[10]
    DSP48_X1Y16          DSP48E1                                      r  FFT/U0/i_synth/xfft_inst/floating_point.xfft_inst/fft/non_floating_point.arch_d.xfft_inst/pe_gen[0].natural_order_input.PE/has_TW_mult.MULT/i_cmpy/four_mult_structure.use_dsp.i_dsp/re_im/use_DSP48.qDSP[0].appDSP[0].bppDSP[1].u_l[0].use_dsp48e1.dsp/ACIN[10]
  -------------------------------------------------------------------    -------------------

Slack:                    inf
  Source:                 FFT/U0/i_synth/xfft_inst/floating_point.xfft_inst/fft/non_floating_point.arch_d.xfft_inst/pe_gen[0].natural_order_input.PE/has_TW_mult.MULT/i_cmpy/four_mult_structure.use_dsp.i_dsp/re_im/use_DSP48.qDSP[0].appDSP[0].bppDSP[0].u_l[1].use_dsp48e1.dsp/ACOUT[11]
                            (internal pin)
  Destination:            FFT/U0/i_synth/xfft_inst/floating_point.xfft_inst/fft/non_floating_point.arch_d.xfft_inst/pe_gen[0].natural_order_input.PE/has_TW_mult.MULT/i_cmpy/four_mult_structure.use_dsp.i_dsp/re_im/use_DSP48.qDSP[0].appDSP[0].bppDSP[1].u_l[0].use_dsp48e1.dsp/ACIN[11]
  Path Group:             (none)
  Path Type:              Min at Slow Process Corner
  Data Path Delay:        0.002ns  (logic 0.000ns (0.000%)  route 0.002ns (100.000%))
  Logic Levels:           0  

    Location             Delay type                Incr(ns)  Path(ns)    Netlist Resource(s)
  -------------------------------------------------------------------    -------------------
    DSP48_X1Y15          DSP48E1                      0.000     0.000 r  FFT/U0/i_synth/xfft_inst/floating_point.xfft_inst/fft/non_floating_point.arch_d.xfft_inst/pe_gen[0].natural_order_input.PE/has_TW_mult.MULT/i_cmpy/four_mult_structure.use_dsp.i_dsp/re_im/use_DSP48.qDSP[0].appDSP[0].bppDSP[0].u_l[1].use_dsp48e1.dsp/ACOUT[11]
                         net (fo=1, routed)           0.002     0.002    FFT/U0/i_synth/xfft_inst/floating_point.xfft_inst/fft/non_floating_point.arch_d.xfft_inst/pe_gen[0].natural_order_input.PE/has_TW_mult.MULT/i_cmpy/four_mult_structure.use_dsp.i_dsp/re_im/acout[0][0,0][1]_4[11]
    DSP48_X1Y16          DSP48E1                                      r  FFT/U0/i_synth/xfft_inst/floating_point.xfft_inst/fft/non_floating_point.arch_d.xfft_inst/pe_gen[0].natural_order_input.PE/has_TW_mult.MULT/i_cmpy/four_mult_structure.use_dsp.i_dsp/re_im/use_DSP48.qDSP[0].appDSP[0].bppDSP[1].u_l[0].use_dsp48e1.dsp/ACIN[11]
  -------------------------------------------------------------------    -------------------

Slack:                    inf
  Source:                 FFT/U0/i_synth/xfft_inst/floating_point.xfft_inst/fft/non_floating_point.arch_d.xfft_inst/pe_gen[0].natural_order_input.PE/has_TW_mult.MULT/i_cmpy/four_mult_structure.use_dsp.i_dsp/re_im/use_DSP48.qDSP[0].appDSP[0].bppDSP[0].u_l[1].use_dsp48e1.dsp/ACOUT[12]
                            (internal pin)
  Destination:            FFT/U0/i_synth/xfft_inst/floating_point.xfft_inst/fft/non_floating_point.arch_d.xfft_inst/pe_gen[0].natural_order_input.PE/has_TW_mult.MULT/i_cmpy/four_mult_structure.use_dsp.i_dsp/re_im/use_DSP48.qDSP[0].appDSP[0].bppDSP[1].u_l[0].use_dsp48e1.dsp/ACIN[12]
  Path Group:             (none)
  Path Type:              Min at Slow Process Corner
  Data Path Delay:        0.002ns  (logic 0.000ns (0.000%)  route 0.002ns (100.000%))
  Logic Levels:           0  

    Location             Delay type                Incr(ns)  Path(ns)    Netlist Resource(s)
  -------------------------------------------------------------------    -------------------
    DSP48_X1Y15          DSP48E1                      0.000     0.000 r  FFT/U0/i_synth/xfft_inst/floating_point.xfft_inst/fft/non_floating_point.arch_d.xfft_inst/pe_gen[0].natural_order_input.PE/has_TW_mult.MULT/i_cmpy/four_mult_structure.use_dsp.i_dsp/re_im/use_DSP48.qDSP[0].appDSP[0].bppDSP[0].u_l[1].use_dsp48e1.dsp/ACOUT[12]
                         net (fo=1, routed)           0.002     0.002    FFT/U0/i_synth/xfft_inst/floating_point.xfft_inst/fft/non_floating_point.arch_d.xfft_inst/pe_gen[0].natural_order_input.PE/has_TW_mult.MULT/i_cmpy/four_mult_structure.use_dsp.i_dsp/re_im/acout[0][0,0][1]_4[12]
    DSP48_X1Y16          DSP48E1                                      r  FFT/U0/i_synth/xfft_inst/floating_point.xfft_inst/fft/non_floating_point.arch_d.xfft_inst/pe_gen[0].natural_order_input.PE/has_TW_mult.MULT/i_cmpy/four_mult_structure.use_dsp.i_dsp/re_im/use_DSP48.qDSP[0].appDSP[0].bppDSP[1].u_l[0].use_dsp48e1.dsp/ACIN[12]
  -------------------------------------------------------------------    -------------------

Slack:                    inf
  Source:                 FFT/U0/i_synth/xfft_inst/floating_point.xfft_inst/fft/non_floating_point.arch_d.xfft_inst/pe_gen[0].natural_order_input.PE/has_TW_mult.MULT/i_cmpy/four_mult_structure.use_dsp.i_dsp/re_im/use_DSP48.qDSP[0].appDSP[0].bppDSP[0].u_l[1].use_dsp48e1.dsp/ACOUT[13]
                            (internal pin)
  Destination:            FFT/U0/i_synth/xfft_inst/floating_point.xfft_inst/fft/non_floating_point.arch_d.xfft_inst/pe_gen[0].natural_order_input.PE/has_TW_mult.MULT/i_cmpy/four_mult_structure.use_dsp.i_dsp/re_im/use_DSP48.qDSP[0].appDSP[0].bppDSP[1].u_l[0].use_dsp48e1.dsp/ACIN[13]
  Path Group:             (none)
  Path Type:              Min at Slow Process Corner
  Data Path Delay:        0.002ns  (logic 0.000ns (0.000%)  route 0.002ns (100.000%))
  Logic Levels:           0  

    Location             Delay type                Incr(ns)  Path(ns)    Netlist Resource(s)
  -------------------------------------------------------------------    -------------------
    DSP48_X1Y15          DSP48E1                      0.000     0.000 r  FFT/U0/i_synth/xfft_inst/floating_point.xfft_inst/fft/non_floating_point.arch_d.xfft_inst/pe_gen[0].natural_order_input.PE/has_TW_mult.MULT/i_cmpy/four_mult_structure.use_dsp.i_dsp/re_im/use_DSP48.qDSP[0].appDSP[0].bppDSP[0].u_l[1].use_dsp48e1.dsp/ACOUT[13]
                         net (fo=1, routed)           0.002     0.002    FFT/U0/i_synth/xfft_inst/floating_point.xfft_inst/fft/non_floating_point.arch_d.xfft_inst/pe_gen[0].natural_order_input.PE/has_TW_mult.MULT/i_cmpy/four_mult_structure.use_dsp.i_dsp/re_im/acout[0][0,0][1]_4[13]
    DSP48_X1Y16          DSP48E1                                      r  FFT/U0/i_synth/xfft_inst/floating_point.xfft_inst/fft/non_floating_point.arch_d.xfft_inst/pe_gen[0].natural_order_input.PE/has_TW_mult.MULT/i_cmpy/four_mult_structure.use_dsp.i_dsp/re_im/use_DSP48.qDSP[0].appDSP[0].bppDSP[1].u_l[0].use_dsp48e1.dsp/ACIN[13]
  -------------------------------------------------------------------    -------------------

Slack:                    inf
  Source:                 FFT/U0/i_synth/xfft_inst/floating_point.xfft_inst/fft/non_floating_point.arch_d.xfft_inst/pe_gen[0].natural_order_input.PE/has_TW_mult.MULT/i_cmpy/four_mult_structure.use_dsp.i_dsp/re_im/use_DSP48.qDSP[0].appDSP[0].bppDSP[0].u_l[1].use_dsp48e1.dsp/ACOUT[14]
                            (internal pin)
  Destination:            FFT/U0/i_synth/xfft_inst/floating_point.xfft_inst/fft/non_floating_point.arch_d.xfft_inst/pe_gen[0].natural_order_input.PE/has_TW_mult.MULT/i_cmpy/four_mult_structure.use_dsp.i_dsp/re_im/use_DSP48.qDSP[0].appDSP[0].bppDSP[1].u_l[0].use_dsp48e1.dsp/ACIN[14]
  Path Group:             (none)
  Path Type:              Min at Slow Process Corner
  Data Path Delay:        0.002ns  (logic 0.000ns (0.000%)  route 0.002ns (100.000%))
  Logic Levels:           0  

    Location             Delay type                Incr(ns)  Path(ns)    Netlist Resource(s)
  -------------------------------------------------------------------    -------------------
    DSP48_X1Y15          DSP48E1                      0.000     0.000 r  FFT/U0/i_synth/xfft_inst/floating_point.xfft_inst/fft/non_floating_point.arch_d.xfft_inst/pe_gen[0].natural_order_input.PE/has_TW_mult.MULT/i_cmpy/four_mult_structure.use_dsp.i_dsp/re_im/use_DSP48.qDSP[0].appDSP[0].bppDSP[0].u_l[1].use_dsp48e1.dsp/ACOUT[14]
                         net (fo=1, routed)           0.002     0.002    FFT/U0/i_synth/xfft_inst/floating_point.xfft_inst/fft/non_floating_point.arch_d.xfft_inst/pe_gen[0].natural_order_input.PE/has_TW_mult.MULT/i_cmpy/four_mult_structure.use_dsp.i_dsp/re_im/acout[0][0,0][1]_4[14]
    DSP48_X1Y16          DSP48E1                                      r  FFT/U0/i_synth/xfft_inst/floating_point.xfft_inst/fft/non_floating_point.arch_d.xfft_inst/pe_gen[0].natural_order_input.PE/has_TW_mult.MULT/i_cmpy/four_mult_structure.use_dsp.i_dsp/re_im/use_DSP48.qDSP[0].appDSP[0].bppDSP[1].u_l[0].use_dsp48e1.dsp/ACIN[14]
  -------------------------------------------------------------------    -------------------

Slack:                    inf
  Source:                 FFT/U0/i_synth/xfft_inst/floating_point.xfft_inst/fft/non_floating_point.arch_d.xfft_inst/pe_gen[0].natural_order_input.PE/has_TW_mult.MULT/i_cmpy/four_mult_structure.use_dsp.i_dsp/re_im/use_DSP48.qDSP[0].appDSP[0].bppDSP[0].u_l[1].use_dsp48e1.dsp/ACOUT[15]
                            (internal pin)
  Destination:            FFT/U0/i_synth/xfft_inst/floating_point.xfft_inst/fft/non_floating_point.arch_d.xfft_inst/pe_gen[0].natural_order_input.PE/has_TW_mult.MULT/i_cmpy/four_mult_structure.use_dsp.i_dsp/re_im/use_DSP48.qDSP[0].appDSP[0].bppDSP[1].u_l[0].use_dsp48e1.dsp/ACIN[15]
  Path Group:             (none)
  Path Type:              Min at Slow Process Corner
  Data Path Delay:        0.002ns  (logic 0.000ns (0.000%)  route 0.002ns (100.000%))
  Logic Levels:           0  

    Location             Delay type                Incr(ns)  Path(ns)    Netlist Resource(s)
  -------------------------------------------------------------------    -------------------
    DSP48_X1Y15          DSP48E1                      0.000     0.000 r  FFT/U0/i_synth/xfft_inst/floating_point.xfft_inst/fft/non_floating_point.arch_d.xfft_inst/pe_gen[0].natural_order_input.PE/has_TW_mult.MULT/i_cmpy/four_mult_structure.use_dsp.i_dsp/re_im/use_DSP48.qDSP[0].appDSP[0].bppDSP[0].u_l[1].use_dsp48e1.dsp/ACOUT[15]
                         net (fo=1, routed)           0.002     0.002    FFT/U0/i_synth/xfft_inst/floating_point.xfft_inst/fft/non_floating_point.arch_d.xfft_inst/pe_gen[0].natural_order_input.PE/has_TW_mult.MULT/i_cmpy/four_mult_structure.use_dsp.i_dsp/re_im/acout[0][0,0][1]_4[15]
    DSP48_X1Y16          DSP48E1                                      r  FFT/U0/i_synth/xfft_inst/floating_point.xfft_inst/fft/non_floating_point.arch_d.xfft_inst/pe_gen[0].natural_order_input.PE/has_TW_mult.MULT/i_cmpy/four_mult_structure.use_dsp.i_dsp/re_im/use_DSP48.qDSP[0].appDSP[0].bppDSP[1].u_l[0].use_dsp48e1.dsp/ACIN[15]
  -------------------------------------------------------------------    -------------------

Slack:                    inf
  Source:                 FFT/U0/i_synth/xfft_inst/floating_point.xfft_inst/fft/non_floating_point.arch_d.xfft_inst/pe_gen[0].natural_order_input.PE/has_TW_mult.MULT/i_cmpy/four_mult_structure.use_dsp.i_dsp/re_im/use_DSP48.qDSP[0].appDSP[0].bppDSP[0].u_l[1].use_dsp48e1.dsp/ACOUT[16]
                            (internal pin)
  Destination:            FFT/U0/i_synth/xfft_inst/floating_point.xfft_inst/fft/non_floating_point.arch_d.xfft_inst/pe_gen[0].natural_order_input.PE/has_TW_mult.MULT/i_cmpy/four_mult_structure.use_dsp.i_dsp/re_im/use_DSP48.qDSP[0].appDSP[0].bppDSP[1].u_l[0].use_dsp48e1.dsp/ACIN[16]
  Path Group:             (none)
  Path Type:              Min at Slow Process Corner
  Data Path Delay:        0.002ns  (logic 0.000ns (0.000%)  route 0.002ns (100.000%))
  Logic Levels:           0  

    Location             Delay type                Incr(ns)  Path(ns)    Netlist Resource(s)
  -------------------------------------------------------------------    -------------------
    DSP48_X1Y15          DSP48E1                      0.000     0.000 r  FFT/U0/i_synth/xfft_inst/floating_point.xfft_inst/fft/non_floating_point.arch_d.xfft_inst/pe_gen[0].natural_order_input.PE/has_TW_mult.MULT/i_cmpy/four_mult_structure.use_dsp.i_dsp/re_im/use_DSP48.qDSP[0].appDSP[0].bppDSP[0].u_l[1].use_dsp48e1.dsp/ACOUT[16]
                         net (fo=1, routed)           0.002     0.002    FFT/U0/i_synth/xfft_inst/floating_point.xfft_inst/fft/non_floating_point.arch_d.xfft_inst/pe_gen[0].natural_order_input.PE/has_TW_mult.MULT/i_cmpy/four_mult_structure.use_dsp.i_dsp/re_im/acout[0][0,0][1]_4[16]
    DSP48_X1Y16          DSP48E1                                      r  FFT/U0/i_synth/xfft_inst/floating_point.xfft_inst/fft/non_floating_point.arch_d.xfft_inst/pe_gen[0].natural_order_input.PE/has_TW_mult.MULT/i_cmpy/four_mult_structure.use_dsp.i_dsp/re_im/use_DSP48.qDSP[0].appDSP[0].bppDSP[1].u_l[0].use_dsp48e1.dsp/ACIN[16]
  -------------------------------------------------------------------    -------------------

Slack:                    inf
  Source:                 FFT/U0/i_synth/xfft_inst/floating_point.xfft_inst/fft/non_floating_point.arch_d.xfft_inst/pe_gen[0].natural_order_input.PE/has_TW_mult.MULT/i_cmpy/four_mult_structure.use_dsp.i_dsp/re_im/use_DSP48.qDSP[0].appDSP[0].bppDSP[0].u_l[1].use_dsp48e1.dsp/ACOUT[17]
                            (internal pin)
  Destination:            FFT/U0/i_synth/xfft_inst/floating_point.xfft_inst/fft/non_floating_point.arch_d.xfft_inst/pe_gen[0].natural_order_input.PE/has_TW_mult.MULT/i_cmpy/four_mult_structure.use_dsp.i_dsp/re_im/use_DSP48.qDSP[0].appDSP[0].bppDSP[1].u_l[0].use_dsp48e1.dsp/ACIN[17]
  Path Group:             (none)
  Path Type:              Min at Slow Process Corner
  Data Path Delay:        0.002ns  (logic 0.000ns (0.000%)  route 0.002ns (100.000%))
  Logic Levels:           0  

    Location             Delay type                Incr(ns)  Path(ns)    Netlist Resource(s)
  -------------------------------------------------------------------    -------------------
    DSP48_X1Y15          DSP48E1                      0.000     0.000 r  FFT/U0/i_synth/xfft_inst/floating_point.xfft_inst/fft/non_floating_point.arch_d.xfft_inst/pe_gen[0].natural_order_input.PE/has_TW_mult.MULT/i_cmpy/four_mult_structure.use_dsp.i_dsp/re_im/use_DSP48.qDSP[0].appDSP[0].bppDSP[0].u_l[1].use_dsp48e1.dsp/ACOUT[17]
                         net (fo=1, routed)           0.002     0.002    FFT/U0/i_synth/xfft_inst/floating_point.xfft_inst/fft/non_floating_point.arch_d.xfft_inst/pe_gen[0].natural_order_input.PE/has_TW_mult.MULT/i_cmpy/four_mult_structure.use_dsp.i_dsp/re_im/acout[0][0,0][1]_4[17]
    DSP48_X1Y16          DSP48E1                                      r  FFT/U0/i_synth/xfft_inst/floating_point.xfft_inst/fft/non_floating_point.arch_d.xfft_inst/pe_gen[0].natural_order_input.PE/has_TW_mult.MULT/i_cmpy/four_mult_structure.use_dsp.i_dsp/re_im/use_DSP48.qDSP[0].appDSP[0].bppDSP[1].u_l[0].use_dsp48e1.dsp/ACIN[17]
  -------------------------------------------------------------------    -------------------

Slack:                    inf
  Source:                 FFT/U0/i_synth/xfft_inst/floating_point.xfft_inst/fft/non_floating_point.arch_d.xfft_inst/pe_gen[0].natural_order_input.PE/has_TW_mult.MULT/i_cmpy/four_mult_structure.use_dsp.i_dsp/re_im/use_DSP48.qDSP[0].appDSP[0].bppDSP[0].u_l[1].use_dsp48e1.dsp/ACOUT[18]
                            (internal pin)
  Destination:            FFT/U0/i_synth/xfft_inst/floating_point.xfft_inst/fft/non_floating_point.arch_d.xfft_inst/pe_gen[0].natural_order_input.PE/has_TW_mult.MULT/i_cmpy/four_mult_structure.use_dsp.i_dsp/re_im/use_DSP48.qDSP[0].appDSP[0].bppDSP[1].u_l[0].use_dsp48e1.dsp/ACIN[18]
  Path Group:             (none)
  Path Type:              Min at Slow Process Corner
  Data Path Delay:        0.002ns  (logic 0.000ns (0.000%)  route 0.002ns (100.000%))
  Logic Levels:           0  

    Location             Delay type                Incr(ns)  Path(ns)    Netlist Resource(s)
  -------------------------------------------------------------------    -------------------
    DSP48_X1Y15          DSP48E1                      0.000     0.000 r  FFT/U0/i_synth/xfft_inst/floating_point.xfft_inst/fft/non_floating_point.arch_d.xfft_inst/pe_gen[0].natural_order_input.PE/has_TW_mult.MULT/i_cmpy/four_mult_structure.use_dsp.i_dsp/re_im/use_DSP48.qDSP[0].appDSP[0].bppDSP[0].u_l[1].use_dsp48e1.dsp/ACOUT[18]
                         net (fo=1, routed)           0.002     0.002    FFT/U0/i_synth/xfft_inst/floating_point.xfft_inst/fft/non_floating_point.arch_d.xfft_inst/pe_gen[0].natural_order_input.PE/has_TW_mult.MULT/i_cmpy/four_mult_structure.use_dsp.i_dsp/re_im/acout[0][0,0][1]_4[18]
    DSP48_X1Y16          DSP48E1                                      r  FFT/U0/i_synth/xfft_inst/floating_point.xfft_inst/fft/non_floating_point.arch_d.xfft_inst/pe_gen[0].natural_order_input.PE/has_TW_mult.MULT/i_cmpy/four_mult_structure.use_dsp.i_dsp/re_im/use_DSP48.qDSP[0].appDSP[0].bppDSP[1].u_l[0].use_dsp48e1.dsp/ACIN[18]
  -------------------------------------------------------------------    -------------------





